2024-06-26T22:53:04.850+0800 [DEBUG] [org.gradle.launcher.daemon.bootstrap.DaemonMain] Assuming the daemon was started with following jvm opts: [--add-opens=java.base/java.util=ALL-UNNAMED, --add-opens=java.base/java.lang=ALL-UNNAMED, --add-opens=java.base/java.lang.invoke=ALL-UNNAMED, --add-opens=java.prefs/java.util.prefs=ALL-UNNAMED, --add-opens=java.base/java.nio.charset=ALL-UNNAMED, --add-opens=java.base/java.net=ALL-UNNAMED, --add-opens=java.base/java.util.concurrent.atomic=ALL-UNNAMED, -Xmx2048m, -Dfile.encoding=UTF-8, -Duser.country=US, -Duser.language=en, -Duser.variant]
2024-06-26T22:53:05.044+0800 [DEBUG] [org.gradle.internal.nativeintegration.services.NativeServices] Native-platform posix files integration is not available. Continuing with fallback.
2024-06-26T22:53:05.060+0800 [INFO] [org.gradle.launcher.daemon.server.Daemon] start() called on daemon - DefaultDaemonContext[uid=4001424d-2049-44b7-8cc9-f9de0ffd0833,javaHome=C:\Program Files\Android\Android Studio\jbr,daemonRegistryDir=C:\Users\Asus\AndroidStudioProjects\Futbolix\daemon,pid=9844,idleTimeout=10800000,priority=NORMAL,applyInstrumentationAgent=true,daemonOpts=--add-opens=java.base/java.util=ALL-UNNAMED,--add-opens=java.base/java.lang=ALL-UNNAMED,--add-opens=java.base/java.lang.invoke=ALL-UNNAMED,--add-opens=java.prefs/java.util.prefs=ALL-UNNAMED,--add-opens=java.base/java.nio.charset=ALL-UNNAMED,--add-opens=java.base/java.net=ALL-UNNAMED,--add-opens=java.base/java.util.concurrent.atomic=ALL-UNNAMED,-Xmx2048m,-Dfile.encoding=UTF-8,-Duser.country=US,-Duser.language=en,-Duser.variant]
2024-06-26T22:53:05.211+0800 [DEBUG] [org.gradle.internal.remote.internal.inet.InetAddresses] Adding IP addresses for network interface Software Loopback Interface 1
2024-06-26T22:53:05.213+0800 [DEBUG] [org.gradle.internal.remote.internal.inet.InetAddresses] Is this a loopback interface? true
2024-06-26T22:53:05.213+0800 [DEBUG] [org.gradle.internal.remote.internal.inet.InetAddresses] Adding loopback address /127.0.0.1
2024-06-26T22:53:05.214+0800 [DEBUG] [org.gradle.internal.remote.internal.inet.InetAddresses] Adding loopback address /0:0:0:0:0:0:0:1
2024-06-26T22:53:05.214+0800 [DEBUG] [org.gradle.internal.remote.internal.inet.InetAddresses] Adding IP addresses for network interface WAN Miniport (Network Monitor)
2024-06-26T22:53:05.217+0800 [DEBUG] [org.gradle.internal.remote.internal.inet.InetAddresses] Is this a loopback interface? false
2024-06-26T22:53:05.217+0800 [DEBUG] [org.gradle.internal.remote.internal.inet.InetAddresses] Adding IP addresses for network interface Microsoft 6to4 Adapter
2024-06-26T22:53:05.219+0800 [DEBUG] [org.gradle.internal.remote.internal.inet.InetAddresses] Is this a loopback interface? false
2024-06-26T22:53:05.220+0800 [DEBUG] [org.gradle.internal.remote.internal.inet.InetAddresses] Adding IP addresses for network interface WAN Miniport (L2TP)
2024-06-26T22:53:05.223+0800 [DEBUG] [org.gradle.internal.remote.internal.inet.InetAddresses] Is this a loopback interface? false
2024-06-26T22:53:05.223+0800 [DEBUG] [org.gradle.internal.remote.internal.inet.InetAddresses] Adding IP addresses for network interface Microsoft IP-HTTPS Platform Adapter
2024-06-26T22:53:05.225+0800 [DEBUG] [org.gradle.internal.remote.internal.inet.InetAddresses] Is this a loopback interface? false
2024-06-26T22:53:05.226+0800 [DEBUG] [org.gradle.internal.remote.internal.inet.InetAddresses] Adding IP addresses for network interface WAN Miniport (IKEv2)
2024-06-26T22:53:05.229+0800 [DEBUG] [org.gradle.internal.remote.internal.inet.InetAddresses] Is this a loopback interface? false
2024-06-26T22:53:05.229+0800 [DEBUG] [org.gradle.internal.remote.internal.inet.InetAddresses] Adding IP addresses for network interface Microsoft Wi-Fi Direct Virtual Adapter
2024-06-26T22:53:05.232+0800 [DEBUG] [org.gradle.internal.remote.internal.inet.InetAddresses] Is this a loopback interface? false
2024-06-26T22:53:05.232+0800 [DEBUG] [org.gradle.internal.remote.internal.inet.InetAddresses] Adding remote address /fe80:0:0:0:d721:d395:fc7b:6bae%wlan0
2024-06-26T22:53:05.233+0800 [DEBUG] [org.gradle.internal.remote.internal.inet.InetAddresses] Adding IP addresses for network interface WAN Miniport (PPPOE)
2024-06-26T22:53:05.236+0800 [DEBUG] [org.gradle.internal.remote.internal.inet.InetAddresses] Is this a loopback interface? false
2024-06-26T22:53:05.236+0800 [DEBUG] [org.gradle.internal.remote.internal.inet.InetAddresses] Adding IP addresses for network interface WAN Miniport (PPTP)
2024-06-26T22:53:05.238+0800 [DEBUG] [org.gradle.internal.remote.internal.inet.InetAddresses] Is this a loopback interface? false
2024-06-26T22:53:05.238+0800 [DEBUG] [org.gradle.internal.remote.internal.inet.InetAddresses] Adding IP addresses for network interface Microsoft Wi-Fi Direct Virtual Adapter #3
2024-06-26T22:53:05.241+0800 [DEBUG] [org.gradle.internal.remote.internal.inet.InetAddresses] Is this a loopback interface? false
2024-06-26T22:53:05.241+0800 [DEBUG] [org.gradle.internal.remote.internal.inet.InetAddresses] Adding remote address /fe80:0:0:0:cf98:9eca:cdaa:70d3%wlan1
2024-06-26T22:53:05.241+0800 [DEBUG] [org.gradle.internal.remote.internal.inet.InetAddresses] Adding IP addresses for network interface Killer(R) Wi-Fi 6 AX1650i 160MHz Wireless Network Adapter (201NGW)
2024-06-26T22:53:05.243+0800 [DEBUG] [org.gradle.internal.remote.internal.inet.InetAddresses] Is this a loopback interface? false
2024-06-26T22:53:05.244+0800 [DEBUG] [org.gradle.internal.remote.internal.inet.InetAddresses] Adding remote address /192.168.1.8
2024-06-26T22:53:05.244+0800 [DEBUG] [org.gradle.internal.remote.internal.inet.InetAddresses] Adding remote address /2001:448a:706c:2714:2dcc:d8a:cdad:3f39
2024-06-26T22:53:05.244+0800 [DEBUG] [org.gradle.internal.remote.internal.inet.InetAddresses] Adding remote address /2001:448a:706c:2714:58d5:ce60:9df:be08
2024-06-26T22:53:05.244+0800 [DEBUG] [org.gradle.internal.remote.internal.inet.InetAddresses] Adding remote address /fe80:0:0:0:543:2a29:59c9:70f4%wlan2
2024-06-26T22:53:05.244+0800 [DEBUG] [org.gradle.internal.remote.internal.inet.InetAddresses] Adding IP addresses for network interface WAN Miniport (IPv6)
2024-06-26T22:53:05.246+0800 [DEBUG] [org.gradle.internal.remote.internal.inet.InetAddresses] Is this a loopback interface? false
2024-06-26T22:53:05.246+0800 [DEBUG] [org.gradle.internal.remote.internal.inet.InetAddresses] Adding IP addresses for network interface Killer E2600 Gigabit Ethernet Controller
2024-06-26T22:53:05.249+0800 [DEBUG] [org.gradle.internal.remote.internal.inet.InetAddresses] Is this a loopback interface? false
2024-06-26T22:53:05.250+0800 [DEBUG] [org.gradle.internal.remote.internal.inet.InetAddresses] Adding remote address /fe80:0:0:0:15f1:7603:ca60:978%eth2
2024-06-26T22:53:05.250+0800 [DEBUG] [org.gradle.internal.remote.internal.inet.InetAddresses] Adding IP addresses for network interface Microsoft Wi-Fi Direct Virtual Adapter #2
2024-06-26T22:53:05.252+0800 [DEBUG] [org.gradle.internal.remote.internal.inet.InetAddresses] Is this a loopback interface? false
2024-06-26T22:53:05.252+0800 [DEBUG] [org.gradle.internal.remote.internal.inet.InetAddresses] Adding IP addresses for network interface Microsoft Teredo Tunneling Adapter
2024-06-26T22:53:05.254+0800 [DEBUG] [org.gradle.internal.remote.internal.inet.InetAddresses] Is this a loopback interface? false
2024-06-26T22:53:05.254+0800 [DEBUG] [org.gradle.internal.remote.internal.inet.InetAddresses] Adding IP addresses for network interface Bluetooth Device (Personal Area Network)
2024-06-26T22:53:05.256+0800 [DEBUG] [org.gradle.internal.remote.internal.inet.InetAddresses] Is this a loopback interface? false
2024-06-26T22:53:05.256+0800 [DEBUG] [org.gradle.internal.remote.internal.inet.InetAddresses] Adding IP addresses for network interface Microsoft Kernel Debug Network Adapter
2024-06-26T22:53:05.257+0800 [DEBUG] [org.gradle.internal.remote.internal.inet.InetAddresses] Is this a loopback interface? false
2024-06-26T22:53:05.257+0800 [DEBUG] [org.gradle.internal.remote.internal.inet.InetAddresses] Adding IP addresses for network interface WAN Miniport (SSTP)
2024-06-26T22:53:05.259+0800 [DEBUG] [org.gradle.internal.remote.internal.inet.InetAddresses] Is this a loopback interface? false
2024-06-26T22:53:05.259+0800 [DEBUG] [org.gradle.internal.remote.internal.inet.InetAddresses] Adding IP addresses for network interface WAN Miniport (IP)
2024-06-26T22:53:05.261+0800 [DEBUG] [org.gradle.internal.remote.internal.inet.InetAddresses] Is this a loopback interface? false
2024-06-26T22:53:05.261+0800 [DEBUG] [org.gradle.internal.remote.internal.inet.InetAddresses] Adding IP addresses for network interface Killer E2600 Gigabit Ethernet Controller-WFP Native MAC Layer LightWeight Filter-0000
2024-06-26T22:53:05.263+0800 [DEBUG] [org.gradle.internal.remote.internal.inet.InetAddresses] Is this a loopback interface? false
2024-06-26T22:53:05.263+0800 [DEBUG] [org.gradle.internal.remote.internal.inet.InetAddresses] Adding IP addresses for network interface Killer E2600 Gigabit Ethernet Controller-QoS Packet Scheduler-0000
2024-06-26T22:53:05.266+0800 [DEBUG] [org.gradle.internal.remote.internal.inet.InetAddresses] Is this a loopback interface? false
2024-06-26T22:53:05.266+0800 [DEBUG] [org.gradle.internal.remote.internal.inet.InetAddresses] Adding IP addresses for network interface Killer E2600 Gigabit Ethernet Controller-WFP 802.3 MAC Layer LightWeight Filter-0000
2024-06-26T22:53:05.268+0800 [DEBUG] [org.gradle.internal.remote.internal.inet.InetAddresses] Is this a loopback interface? false
2024-06-26T22:53:05.268+0800 [DEBUG] [org.gradle.internal.remote.internal.inet.InetAddresses] Adding IP addresses for network interface Killer(R) Wi-Fi 6 AX1650i 160MHz Wireless Network Adapter (201NGW)-WFP Native MAC Layer LightWeight Filter-0000
2024-06-26T22:53:05.270+0800 [DEBUG] [org.gradle.internal.remote.internal.inet.InetAddresses] Is this a loopback interface? false
2024-06-26T22:53:05.270+0800 [DEBUG] [org.gradle.internal.remote.internal.inet.InetAddresses] Adding IP addresses for network interface Killer(R) Wi-Fi 6 AX1650i 160MHz Wireless Network Adapter (201NGW)-Virtual WiFi Filter Driver-0000
2024-06-26T22:53:05.272+0800 [DEBUG] [org.gradle.internal.remote.internal.inet.InetAddresses] Is this a loopback interface? false
2024-06-26T22:53:05.272+0800 [DEBUG] [org.gradle.internal.remote.internal.inet.InetAddresses] Adding IP addresses for network interface Killer(R) Wi-Fi 6 AX1650i 160MHz Wireless Network Adapter (201NGW)-Native WiFi Filter Driver-0000
2024-06-26T22:53:05.274+0800 [DEBUG] [org.gradle.internal.remote.internal.inet.InetAddresses] Is this a loopback interface? false
2024-06-26T22:53:05.274+0800 [DEBUG] [org.gradle.internal.remote.internal.inet.InetAddresses] Adding IP addresses for network interface Killer(R) Wi-Fi 6 AX1650i 160MHz Wireless Network Adapter (201NGW)-QoS Packet Scheduler-0000
2024-06-26T22:53:05.275+0800 [DEBUG] [org.gradle.internal.remote.internal.inet.InetAddresses] Is this a loopback interface? false
2024-06-26T22:53:05.276+0800 [DEBUG] [org.gradle.internal.remote.internal.inet.InetAddresses] Adding IP addresses for network interface Killer(R) Wi-Fi 6 AX1650i 160MHz Wireless Network Adapter (201NGW)-WFP 802.3 MAC Layer LightWeight Filter-0000
2024-06-26T22:53:05.277+0800 [DEBUG] [org.gradle.internal.remote.internal.inet.InetAddresses] Is this a loopback interface? false
2024-06-26T22:53:05.278+0800 [DEBUG] [org.gradle.internal.remote.internal.inet.InetAddresses] Adding IP addresses for network interface Microsoft Wi-Fi Direct Virtual Adapter-WFP Native MAC Layer LightWeight Filter-0000
2024-06-26T22:53:05.279+0800 [DEBUG] [org.gradle.internal.remote.internal.inet.InetAddresses] Is this a loopback interface? false
2024-06-26T22:53:05.280+0800 [DEBUG] [org.gradle.internal.remote.internal.inet.InetAddresses] Adding IP addresses for network interface Microsoft Wi-Fi Direct Virtual Adapter #3-WFP Native MAC Layer LightWeight Filter-0000
2024-06-26T22:53:05.282+0800 [DEBUG] [org.gradle.internal.remote.internal.inet.InetAddresses] Is this a loopback interface? false
2024-06-26T22:53:05.282+0800 [DEBUG] [org.gradle.internal.remote.internal.inet.InetAddresses] Adding IP addresses for network interface Microsoft Wi-Fi Direct Virtual Adapter #3-Native WiFi Filter Driver-0000
2024-06-26T22:53:05.284+0800 [DEBUG] [org.gradle.internal.remote.internal.inet.InetAddresses] Is this a loopback interface? false
2024-06-26T22:53:05.284+0800 [DEBUG] [org.gradle.internal.remote.internal.inet.InetAddresses] Adding IP addresses for network interface Microsoft Wi-Fi Direct Virtual Adapter #3-QoS Packet Scheduler-0000
2024-06-26T22:53:05.286+0800 [DEBUG] [org.gradle.internal.remote.internal.inet.InetAddresses] Is this a loopback interface? false
2024-06-26T22:53:05.286+0800 [DEBUG] [org.gradle.internal.remote.internal.inet.InetAddresses] Adding IP addresses for network interface WAN Miniport (IP)-WFP Native MAC Layer LightWeight Filter-0000
2024-06-26T22:53:05.288+0800 [DEBUG] [org.gradle.internal.remote.internal.inet.InetAddresses] Is this a loopback interface? false
2024-06-26T22:53:05.288+0800 [DEBUG] [org.gradle.internal.remote.internal.inet.InetAddresses] Adding IP addresses for network interface WAN Miniport (IP)-QoS Packet Scheduler-0000
2024-06-26T22:53:05.290+0800 [DEBUG] [org.gradle.internal.remote.internal.inet.InetAddresses] Is this a loopback interface? false
2024-06-26T22:53:05.290+0800 [DEBUG] [org.gradle.internal.remote.internal.inet.InetAddresses] Adding IP addresses for network interface WAN Miniport (IPv6)-WFP Native MAC Layer LightWeight Filter-0000
2024-06-26T22:53:05.292+0800 [DEBUG] [org.gradle.internal.remote.internal.inet.InetAddresses] Is this a loopback interface? false
2024-06-26T22:53:05.292+0800 [DEBUG] [org.gradle.internal.remote.internal.inet.InetAddresses] Adding IP addresses for network interface WAN Miniport (IPv6)-QoS Packet Scheduler-0000
2024-06-26T22:53:05.294+0800 [DEBUG] [org.gradle.internal.remote.internal.inet.InetAddresses] Is this a loopback interface? false
2024-06-26T22:53:05.294+0800 [DEBUG] [org.gradle.internal.remote.internal.inet.InetAddresses] Adding IP addresses for network interface WAN Miniport (Network Monitor)-WFP Native MAC Layer LightWeight Filter-0000
2024-06-26T22:53:05.297+0800 [DEBUG] [org.gradle.internal.remote.internal.inet.InetAddresses] Is this a loopback interface? false
2024-06-26T22:53:05.297+0800 [DEBUG] [org.gradle.internal.remote.internal.inet.InetAddresses] Adding IP addresses for network interface WAN Miniport (Network Monitor)-QoS Packet Scheduler-0000
2024-06-26T22:53:05.299+0800 [DEBUG] [org.gradle.internal.remote.internal.inet.InetAddresses] Is this a loopback interface? false
2024-06-26T22:53:05.299+0800 [DEBUG] [org.gradle.internal.remote.internal.inet.InetAddresses] Adding IP addresses for network interface Microsoft Wi-Fi Direct Virtual Adapter #3-WFP 802.3 MAC Layer LightWeight Filter-0000
2024-06-26T22:53:05.301+0800 [DEBUG] [org.gradle.internal.remote.internal.inet.InetAddresses] Is this a loopback interface? false
2024-06-26T22:53:05.301+0800 [DEBUG] [org.gradle.internal.remote.internal.inet.InetAddresses] Adding IP addresses for network interface Microsoft Wi-Fi Direct Virtual Adapter-Native WiFi Filter Driver-0000
2024-06-26T22:53:05.303+0800 [DEBUG] [org.gradle.internal.remote.internal.inet.InetAddresses] Is this a loopback interface? false
2024-06-26T22:53:05.303+0800 [DEBUG] [org.gradle.internal.remote.internal.inet.InetAddresses] Adding IP addresses for network interface Microsoft Wi-Fi Direct Virtual Adapter-QoS Packet Scheduler-0000
2024-06-26T22:53:05.305+0800 [DEBUG] [org.gradle.internal.remote.internal.inet.InetAddresses] Is this a loopback interface? false
2024-06-26T22:53:05.305+0800 [DEBUG] [org.gradle.internal.remote.internal.inet.InetAddresses] Adding IP addresses for network interface Microsoft Wi-Fi Direct Virtual Adapter-WFP 802.3 MAC Layer LightWeight Filter-0000
2024-06-26T22:53:05.307+0800 [DEBUG] [org.gradle.internal.remote.internal.inet.InetAddresses] Is this a loopback interface? false
2024-06-26T22:53:05.315+0800 [DEBUG] [org.gradle.internal.remote.internal.inet.TcpIncomingConnector] Listening on [d1b2c7f3-2223-464e-9ef4-f1e02e1603d5 port:60145, addresses:[localhost/127.0.0.1]].
2024-06-26T22:53:05.336+0800 [DEBUG] [org.gradle.launcher.daemon.server.Daemon] Daemon starting at: Wed Jun 26 22:53:05 SGT 2024, with address: [d1b2c7f3-2223-464e-9ef4-f1e02e1603d5 port:60145, addresses:[localhost/127.0.0.1]]
2024-06-26T22:53:05.337+0800 [INFO] [org.gradle.launcher.daemon.server.DaemonRegistryUpdater] Advertising the daemon address to the clients: [d1b2c7f3-2223-464e-9ef4-f1e02e1603d5 port:60145, addresses:[localhost/127.0.0.1]]
2024-06-26T22:53:05.337+0800 [DEBUG] [org.gradle.launcher.daemon.server.DaemonRegistryUpdater] Advertised daemon context: DefaultDaemonContext[uid=4001424d-2049-44b7-8cc9-f9de0ffd0833,javaHome=C:\Program Files\Android\Android Studio\jbr,daemonRegistryDir=C:\Users\Asus\AndroidStudioProjects\Futbolix\daemon,pid=9844,idleTimeout=10800000,priority=NORMAL,applyInstrumentationAgent=true,daemonOpts=--add-opens=java.base/java.util=ALL-UNNAMED,--add-opens=java.base/java.lang=ALL-UNNAMED,--add-opens=java.base/java.lang.invoke=ALL-UNNAMED,--add-opens=java.prefs/java.util.prefs=ALL-UNNAMED,--add-opens=java.base/java.nio.charset=ALL-UNNAMED,--add-opens=java.base/java.net=ALL-UNNAMED,--add-opens=java.base/java.util.concurrent.atomic=ALL-UNNAMED,-Xmx2048m,-Dfile.encoding=UTF-8,-Duser.country=US,-Duser.language=en,-Duser.variant]
2024-06-26T22:53:05.338+0800 [DEBUG] [org.gradle.launcher.daemon.registry.PersistentDaemonRegistry] Storing daemon address: [d1b2c7f3-2223-464e-9ef4-f1e02e1603d5 port:60145, addresses:[localhost/127.0.0.1]], context: DefaultDaemonContext[uid=4001424d-2049-44b7-8cc9-f9de0ffd0833,javaHome=C:\Program Files\Android\Android Studio\jbr,daemonRegistryDir=C:\Users\Asus\AndroidStudioProjects\Futbolix\daemon,pid=9844,idleTimeout=10800000,priority=NORMAL,applyInstrumentationAgent=true,daemonOpts=--add-opens=java.base/java.util=ALL-UNNAMED,--add-opens=java.base/java.lang=ALL-UNNAMED,--add-opens=java.base/java.lang.invoke=ALL-UNNAMED,--add-opens=java.prefs/java.util.prefs=ALL-UNNAMED,--add-opens=java.base/java.nio.charset=ALL-UNNAMED,--add-opens=java.base/java.net=ALL-UNNAMED,--add-opens=java.base/java.util.concurrent.atomic=ALL-UNNAMED,-Xmx2048m,-Dfile.encoding=UTF-8,-Duser.country=US,-Duser.language=en,-Duser.variant]
2024-06-26T22:53:05.354+0800 [DEBUG] [org.gradle.cache.internal.DefaultFileLockManager] Waiting to acquire exclusive lock on daemon addresses registry.
2024-06-26T22:53:05.359+0800 [DEBUG] [org.gradle.cache.internal.DefaultFileLockManager] Lock acquired on daemon addresses registry.
2024-06-26T22:53:05.365+0800 [DEBUG] [org.gradle.cache.internal.DefaultFileLockManager] Releasing lock on daemon addresses registry.
2024-06-26T22:53:05.366+0800 [LIFECYCLE] [org.gradle.launcher.daemon.server.Daemon] Daemon server started.
2024-06-26T22:53:05.367+0800 [DEBUG] [org.gradle.launcher.daemon.bootstrap.DaemonStartupCommunication] Completed writing the daemon greeting. Closing streams...
2024-06-26T22:53:05.374+0800 [DEBUG] [org.gradle.launcher.daemon.server.Daemon] stopOnExpiration() called on daemon
2024-06-26T22:53:05.375+0800 [DEBUG] [org.gradle.launcher.daemon.server.Daemon] awaitExpiration() called on daemon
2024-06-26T22:53:05.375+0800 [DEBUG] [org.gradle.launcher.daemon.server.DaemonStateCoordinator] daemon is running. Sleeping until state changes.
2024-06-26T22:53:05.388+0800 [DEBUG] [org.gradle.internal.remote.internal.inet.TcpIncomingConnector] Accepted connection from /127.0.0.1:60146 to /127.0.0.1:60145.
2024-06-26T22:53:05.496+0800 [DEBUG] [org.gradle.launcher.daemon.server.SynchronizedDispatchConnection] thread 22: received class org.gradle.launcher.daemon.protocol.Build
2024-06-26T22:53:05.497+0800 [DEBUG] [org.gradle.launcher.daemon.server.DefaultDaemonConnection] thread 22: Received non-IO message from client: Build{id=6446e4c0-f0ee-4ade-a707-8e10cabf1b4a, currentDir=C:\Users\Asus\AndroidStudioProjects\Futbolix}
2024-06-26T22:53:05.497+0800 [INFO] [org.gradle.launcher.daemon.server.DefaultIncomingConnectionHandler] Received command: Build{id=6446e4c0-f0ee-4ade-a707-8e10cabf1b4a, currentDir=C:\Users\Asus\AndroidStudioProjects\Futbolix}.
2024-06-26T22:53:05.498+0800 [DEBUG] [org.gradle.launcher.daemon.server.DefaultIncomingConnectionHandler] Starting executing command: Build{id=6446e4c0-f0ee-4ade-a707-8e10cabf1b4a, currentDir=C:\Users\Asus\AndroidStudioProjects\Futbolix} with connection: socket connection from /127.0.0.1:60145 to /127.0.0.1:60146.
2024-06-26T22:53:05.501+0800 [DEBUG] [org.gradle.launcher.daemon.server.DaemonStateCoordinator] Command execution: started DaemonCommandExecution[command = Build{id=6446e4c0-f0ee-4ade-a707-8e10cabf1b4a, currentDir=C:\Users\Asus\AndroidStudioProjects\Futbolix}, connection = DefaultDaemonConnection: socket connection from /127.0.0.1:60145 to /127.0.0.1:60146] after 0.0 minutes of idle
2024-06-26T22:53:05.502+0800 [INFO] [org.gradle.launcher.daemon.server.DaemonRegistryUpdater] Marking the daemon as busy, address: [d1b2c7f3-2223-464e-9ef4-f1e02e1603d5 port:60145, addresses:[localhost/127.0.0.1]]
2024-06-26T22:53:05.502+0800 [DEBUG] [org.gradle.launcher.daemon.registry.PersistentDaemonRegistry] Marking busy by address: [d1b2c7f3-2223-464e-9ef4-f1e02e1603d5 port:60145, addresses:[localhost/127.0.0.1]]
2024-06-26T22:53:05.504+0800 [DEBUG] [org.gradle.cache.internal.DefaultFileLockManager] Waiting to acquire exclusive lock on daemon addresses registry.
2024-06-26T22:53:05.505+0800 [DEBUG] [org.gradle.cache.internal.DefaultFileLockManager] Lock acquired on daemon addresses registry.
2024-06-26T22:53:05.507+0800 [DEBUG] [org.gradle.cache.internal.DefaultFileLockManager] Releasing lock on daemon addresses registry.
2024-06-26T22:53:05.508+0800 [DEBUG] [org.gradle.launcher.daemon.server.DaemonStateCoordinator] resetting idle timer
2024-06-26T22:53:05.508+0800 [DEBUG] [org.gradle.launcher.daemon.server.DaemonStateCoordinator] daemon is running. Sleeping until state changes.
2024-06-26T22:53:05.509+0800 [INFO] [org.gradle.launcher.daemon.server.exec.StartBuildOrRespondWithBusy] Daemon is about to start building Build{id=6446e4c0-f0ee-4ade-a707-8e10cabf1b4a, currentDir=C:\Users\Asus\AndroidStudioProjects\Futbolix}. Dispatching build started information...
2024-06-26T22:53:05.510+0800 [DEBUG] [org.gradle.launcher.daemon.server.SynchronizedDispatchConnection] thread 24: dispatching org.gradle.launcher.daemon.protocol.BuildStarted@9158cf4
2024-06-26T22:53:05.512+0800 [DEBUG] [org.gradle.launcher.daemon.server.exec.EstablishBuildEnvironment] Configuring env variables: [USERDOMAIN_ROAMINGPROFILE, LOCALAPPDATA, PROCESSOR_LEVEL, USERDOMAIN, LOGONSERVER, JAVA_HOME, SESSIONNAME, ALLUSERSPROFILE, PROCESSOR_ARCHITECTURE, PSModulePath, SystemDrive, OneDrive, MAVEN_HOME, APPDATA, EFC_12328, USERNAME, ProgramFiles(x86), CommonProgramFiles, Path, PATHEXT, DriverData, OS, OneDriveConsumer, COMPUTERNAME, PROCESSOR_REVISION, CommonProgramW6432, PyCharm Community Edition, ComSpec, ProgramData, ProgramW6432, TEMP, HOMEPATH, SystemRoot, PROCESSOR_IDENTIFIER, HOMEDRIVE, PT6HOME, USERPROFILE, TMP, CommonProgramFiles(x86), ProgramFiles, PUBLIC, windir, NUMBER_OF_PROCESSORS, =::, IDEA_INITIAL_DIRECTORY, ZES_ENABLE_SYSMAN]
2024-06-26T22:53:05.517+0800 [DEBUG] [org.gradle.launcher.daemon.server.exec.LogToClient] About to start relaying all logs to the client via the connection.
2024-06-26T22:53:05.518+0800 [INFO] [org.gradle.launcher.daemon.server.exec.LogToClient] The client will now receive all logging from the daemon (pid: 9844). The daemon log file: C:\Users\Asus\AndroidStudioProjects\Futbolix\daemon\8.6\daemon-9844.out.log
2024-06-26T22:53:05.519+0800 [DEBUG] [org.gradle.launcher.daemon.server.SynchronizedDispatchConnection] thread 22: received class org.gradle.launcher.daemon.protocol.CloseInput
2024-06-26T22:53:05.519+0800 [DEBUG] [org.gradle.launcher.daemon.server.DefaultDaemonConnection] thread 22: Received IO message from client: org.gradle.launcher.daemon.protocol.CloseInput@48667d9f
2024-06-26T22:53:05.522+0800 [INFO] [org.gradle.launcher.daemon.server.exec.LogAndCheckHealth] Starting build in new daemon [memory: 2 GiB]
2024-06-26T22:53:05.524+0800 [INFO] [org.gradle.launcher.daemon.server.exec.ForwardClientInput] Closing daemon's stdin at end of input.
2024-06-26T22:53:05.524+0800 [INFO] [org.gradle.launcher.daemon.server.exec.ForwardClientInput] The daemon will no longer process any standard input.
2024-06-26T22:53:05.525+0800 [DEBUG] [org.gradle.launcher.daemon.server.exec.ExecuteBuild] The daemon has started executing the build.
2024-06-26T22:53:05.525+0800 [DEBUG] [org.gradle.launcher.daemon.server.exec.ExecuteBuild] Executing build with daemon context: DefaultDaemonContext[uid=4001424d-2049-44b7-8cc9-f9de0ffd0833,javaHome=C:\Program Files\Android\Android Studio\jbr,daemonRegistryDir=C:\Users\Asus\AndroidStudioProjects\Futbolix\daemon,pid=9844,idleTimeout=10800000,priority=NORMAL,applyInstrumentationAgent=true,daemonOpts=--add-opens=java.base/java.util=ALL-UNNAMED,--add-opens=java.base/java.lang=ALL-UNNAMED,--add-opens=java.base/java.lang.invoke=ALL-UNNAMED,--add-opens=java.prefs/java.util.prefs=ALL-UNNAMED,--add-opens=java.base/java.nio.charset=ALL-UNNAMED,--add-opens=java.base/java.net=ALL-UNNAMED,--add-opens=java.base/java.util.concurrent.atomic=ALL-UNNAMED,-Xmx2048m,-Dfile.encoding=UTF-8,-Duser.country=US,-Duser.language=en,-Duser.variant]
Generating lint files for backported methods only (compile API B)

BUILD SUCCESSFUL in 10m 20s
2024-06-26T23:03:06.829+0800 [DEBUG] [org.gradle.launcher.daemon.server.exec.ExecuteBuild] The daemon has finished executing the build.
2024-06-26T23:03:06.851+0800 [DEBUG] [org.gradle.launcher.daemon.server.DaemonStateCoordinator] daemon is running. Sleeping until state changes.
2024-06-26T23:03:06.853+0800 [DEBUG] [org.gradle.launcher.daemon.server.DaemonStateCoordinator] Command execution: finished waiting for DaemonCommandExecution[command = Build{id=6446e4c0-f0ee-4ade-a707-8e10cabf1b4a, currentDir=C:\Users\Asus\AndroidStudioProjects\Futbolix}, connection = DefaultDaemonConnection: socket connection from /127.0.0.1:60145 to /127.0.0.1:60146]. Result org.gradle.launcher.daemon.server.DaemonStateCoordinator@53c10d4c with state Busy
2024-06-26T23:03:06.854+0800 [DEBUG] [org.gradle.launcher.daemon.server.DaemonStateCoordinator] Command execution: completed DaemonCommandExecution[command = Build{id=6446e4c0-f0ee-4ade-a707-8e10cabf1b4a, currentDir=C:\Users\Asus\AndroidStudioProjects\Futbolix}, connection = DefaultDaemonConnection: socket connection from /127.0.0.1:60145 to /127.0.0.1:60146]
2024-06-26T23:03:06.854+0800 [DEBUG] [org.gradle.launcher.daemon.server.DaemonStateCoordinator] resetting idle timer
2024-06-26T23:03:06.855+0800 [INFO] [org.gradle.launcher.daemon.server.DaemonRegistryUpdater] Marking the daemon as idle, address: [d1b2c7f3-2223-464e-9ef4-f1e02e1603d5 port:60145, addresses:[localhost/127.0.0.1]]
2024-06-26T23:03:06.856+0800 [DEBUG] [org.gradle.launcher.daemon.registry.PersistentDaemonRegistry] Marking busy by address: [d1b2c7f3-2223-464e-9ef4-f1e02e1603d5 port:60145, addresses:[localhost/127.0.0.1]]
2024-06-26T23:03:06.857+0800 [DEBUG] [org.gradle.cache.internal.DefaultFileLockManager] Waiting to acquire exclusive lock on daemon addresses registry.
2024-06-26T23:03:06.858+0800 [DEBUG] [org.gradle.cache.internal.DefaultFileLockManager] Lock acquired on daemon addresses registry.
2024-06-26T23:03:06.862+0800 [DEBUG] [org.gradle.cache.internal.DefaultFileLockManager] Releasing lock on daemon addresses registry.
2024-06-26T23:03:06.863+0800 [DEBUG] [org.gradle.launcher.daemon.server.DaemonStateCoordinator] daemon is running. Sleeping until state changes.
2024-06-26T23:03:06.864+0800 [DEBUG] [org.gradle.launcher.daemon.server.exec.ReturnResult] Daemon is dispatching the build result: Success[value=org.gradle.launcher.exec.BuildActionResult@174cec01]
2024-06-26T23:03:06.864+0800 [DEBUG] [org.gradle.launcher.daemon.server.SynchronizedDispatchConnection] thread 21: dispatching Success[value=org.gradle.launcher.exec.BuildActionResult@174cec01]
2024-06-26T23:03:06.866+0800 [DEBUG] [org.gradle.launcher.daemon.server.DefaultIncomingConnectionHandler] Finishing executing command: Build{id=6446e4c0-f0ee-4ade-a707-8e10cabf1b4a, currentDir=C:\Users\Asus\AndroidStudioProjects\Futbolix}
2024-06-26T23:03:06.888+0800 [DEBUG] [org.gradle.launcher.daemon.server.SynchronizedDispatchConnection] thread 22: received class org.gradle.launcher.daemon.protocol.Finished
2024-06-26T23:03:06.889+0800 [DEBUG] [org.gradle.launcher.daemon.server.DefaultDaemonConnection] thread 22: Received non-IO message from client: org.gradle.launcher.daemon.protocol.Finished@72114a5c
2024-06-26T23:03:06.889+0800 [DEBUG] [org.gradle.launcher.daemon.server.DefaultIncomingConnectionHandler] Received finished message: org.gradle.launcher.daemon.protocol.Finished@72114a5c
2024-06-26T23:03:06.889+0800 [DEBUG] [org.gradle.launcher.daemon.server.SynchronizedDispatchConnection] thread 21: stopping connection
2024-06-26T23:03:06.893+0800 [DEBUG] [org.gradle.internal.remote.internal.inet.SocketConnection] Discarding EOFException: java.io.EOFException
2024-06-26T23:03:06.893+0800 [DEBUG] [org.gradle.launcher.daemon.server.SynchronizedDispatchConnection] thread 22: received null
2024-06-26T23:03:06.893+0800 [DEBUG] [org.gradle.launcher.daemon.server.DefaultDaemonConnection] thread 22: Received end-of-input from client.
2024-06-26T23:03:06.903+0800 [DEBUG] [org.gradle.launcher.daemon.server.SynchronizedDispatchConnection] thread 21: stopping connection
2024-06-26T23:03:07.306+0800 [DEBUG] [org.gradle.process.internal.health.memory.DefaultMemoryManager] 837529600 physical memory requested, 509739008 free
2024-06-26T23:03:07.307+0800 [DEBUG] [org.gradle.workers.internal.WorkerDaemonExpiration] Will attempt to release 798 of memory
2024-06-26T23:03:07.307+0800 [DEBUG] [org.gradle.process.internal.health.memory.DefaultMemoryManager] 837529600 physical memory requested, 0 released, 509739008 free
2024-06-26T23:03:12.316+0800 [DEBUG] [org.gradle.process.internal.health.memory.DefaultMemoryManager] 837529600 physical memory requested, 522260480 free
2024-06-26T23:03:12.316+0800 [DEBUG] [org.gradle.workers.internal.WorkerDaemonExpiration] Will attempt to release 798 of memory
2024-06-26T23:03:12.316+0800 [DEBUG] [org.gradle.process.internal.health.memory.DefaultMemoryManager] 837529600 physical memory requested, 0 released, 522260480 free
2024-06-26T23:03:15.388+0800 [DEBUG] [org.gradle.cache.internal.DefaultFileLockManager] Waiting to acquire shared lock on daemon addresses registry.
2024-06-26T23:03:15.388+0800 [DEBUG] [org.gradle.cache.internal.DefaultFileLockManager] Lock acquired on daemon addresses registry.
2024-06-26T23:03:15.389+0800 [DEBUG] [org.gradle.cache.internal.DefaultFileLockManager] Releasing lock on daemon addresses registry.
2024-06-26T23:03:15.395+0800 [DEBUG] [org.gradle.cache.internal.DefaultFileLockManager] Waiting to acquire shared lock on daemon addresses registry.
2024-06-26T23:03:15.396+0800 [DEBUG] [org.gradle.cache.internal.DefaultFileLockManager] Lock acquired on daemon addresses registry.
2024-06-26T23:03:15.397+0800 [DEBUG] [org.gradle.cache.internal.DefaultFileLockManager] Releasing lock on daemon addresses registry.
2024-06-26T23:03:17.319+0800 [DEBUG] [org.gradle.process.internal.health.memory.DefaultMemoryManager] 837529600 physical memory requested, 540614656 free
2024-06-26T23:03:17.320+0800 [DEBUG] [org.gradle.workers.internal.WorkerDaemonExpiration] Will attempt to release 798 of memory
2024-06-26T23:03:17.320+0800 [DEBUG] [org.gradle.process.internal.health.memory.DefaultMemoryManager] 837529600 physical memory requested, 0 released, 540614656 free
2024-06-26T23:03:22.309+0800 [DEBUG] [org.gradle.process.internal.health.memory.DefaultMemoryManager] 837529600 physical memory requested, 455069696 free
2024-06-26T23:03:22.309+0800 [DEBUG] [org.gradle.workers.internal.WorkerDaemonExpiration] Will attempt to release 798 of memory
2024-06-26T23:03:22.309+0800 [DEBUG] [org.gradle.process.internal.health.memory.DefaultMemoryManager] 837529600 physical memory requested, 0 released, 455069696 free
2024-06-26T23:03:25.381+0800 [DEBUG] [org.gradle.cache.internal.DefaultFileLockManager] Waiting to acquire shared lock on daemon addresses registry.
2024-06-26T23:03:25.381+0800 [DEBUG] [org.gradle.cache.internal.DefaultFileLockManager] Lock acquired on daemon addresses registry.
2024-06-26T23:03:25.382+0800 [DEBUG] [org.gradle.cache.internal.DefaultFileLockManager] Releasing lock on daemon addresses registry.
2024-06-26T23:03:25.385+0800 [DEBUG] [org.gradle.cache.internal.DefaultFileLockManager] Waiting to acquire shared lock on daemon addresses registry.
2024-06-26T23:03:25.386+0800 [DEBUG] [org.gradle.cache.internal.DefaultFileLockManager] Lock acquired on daemon addresses registry.
2024-06-26T23:03:25.387+0800 [DEBUG] [org.gradle.cache.internal.DefaultFileLockManager] Releasing lock on daemon addresses registry.
2024-06-26T23:03:25.390+0800 [DEBUG] [org.gradle.cache.internal.DefaultFileLockManager] Waiting to acquire shared lock on daemon addresses registry.
2024-06-26T23:03:25.390+0800 [DEBUG] [org.gradle.cache.internal.DefaultFileLockManager] Lock acquired on daemon addresses registry.
2024-06-26T23:03:25.391+0800 [DEBUG] [org.gradle.cache.internal.DefaultFileLockManager] Releasing lock on daemon addresses registry.
2024-06-26T23:03:27.307+0800 [DEBUG] [org.gradle.process.internal.health.memory.DefaultMemoryManager] 837529600 physical memory requested, 393048064 free
2024-06-26T23:03:27.307+0800 [DEBUG] [org.gradle.workers.internal.WorkerDaemonExpiration] Will attempt to release 798 of memory
2024-06-26T23:03:27.307+0800 [DEBUG] [org.gradle.process.internal.health.memory.DefaultMemoryManager] 837529600 physical memory requested, 0 released, 393048064 free
2024-06-26T23:03:32.315+0800 [DEBUG] [org.gradle.process.internal.health.memory.DefaultMemoryManager] 837529600 physical memory requested, 387780608 free
2024-06-26T23:03:32.315+0800 [DEBUG] [org.gradle.workers.internal.WorkerDaemonExpiration] Will attempt to release 798 of memory
2024-06-26T23:03:32.315+0800 [DEBUG] [org.gradle.process.internal.health.memory.DefaultMemoryManager] 837529600 physical memory requested, 0 released, 387780608 free
2024-06-26T23:03:35.395+0800 [DEBUG] [org.gradle.cache.internal.DefaultFileLockManager] Waiting to acquire shared lock on daemon addresses registry.
2024-06-26T23:03:35.395+0800 [DEBUG] [org.gradle.cache.internal.DefaultFileLockManager] Lock acquired on daemon addresses registry.
2024-06-26T23:03:35.397+0800 [DEBUG] [org.gradle.cache.internal.DefaultFileLockManager] Releasing lock on daemon addresses registry.
2024-06-26T23:03:35.400+0800 [DEBUG] [org.gradle.cache.internal.DefaultFileLockManager] Waiting to acquire shared lock on daemon addresses registry.
2024-06-26T23:03:35.400+0800 [DEBUG] [org.gradle.cache.internal.DefaultFileLockManager] Lock acquired on daemon addresses registry.
2024-06-26T23:03:35.401+0800 [DEBUG] [org.gradle.cache.internal.DefaultFileLockManager] Releasing lock on daemon addresses registry.
2024-06-26T23:03:35.404+0800 [DEBUG] [org.gradle.cache.internal.DefaultFileLockManager] Waiting to acquire shared lock on daemon addresses registry.
2024-06-26T23:03:35.405+0800 [DEBUG] [org.gradle.cache.internal.DefaultFileLockManager] Lock acquired on daemon addresses registry.
2024-06-26T23:03:35.406+0800 [DEBUG] [org.gradle.cache.internal.DefaultFileLockManager] Releasing lock on daemon addresses registry.
2024-06-26T23:03:37.319+0800 [DEBUG] [org.gradle.process.internal.health.memory.DefaultMemoryManager] 837529600 physical memory requested, 384303104 free
2024-06-26T23:03:37.320+0800 [DEBUG] [org.gradle.workers.internal.WorkerDaemonExpiration] Will attempt to release 798 of memory
2024-06-26T23:03:37.320+0800 [DEBUG] [org.gradle.process.internal.health.memory.DefaultMemoryManager] 837529600 physical memory requested, 0 released, 384303104 free
2024-06-26T23:03:42.315+0800 [DEBUG] [org.gradle.process.internal.health.memory.DefaultMemoryManager] 837529600 physical memory requested, 435859456 free
2024-06-26T23:03:42.315+0800 [DEBUG] [org.gradle.workers.internal.WorkerDaemonExpiration] Will attempt to release 798 of memory
2024-06-26T23:03:42.315+0800 [DEBUG] [org.gradle.process.internal.health.memory.DefaultMemoryManager] 837529600 physical memory requested, 0 released, 435859456 free
2024-06-26T23:03:45.385+0800 [DEBUG] [org.gradle.cache.internal.DefaultFileLockManager] Waiting to acquire shared lock on daemon addresses registry.
2024-06-26T23:03:45.385+0800 [DEBUG] [org.gradle.cache.internal.DefaultFileLockManager] Lock acquired on daemon addresses registry.
2024-06-26T23:03:45.385+0800 [DEBUG] [org.gradle.cache.internal.DefaultFileLockManager] Releasing lock on daemon addresses registry.
2024-06-26T23:03:45.387+0800 [DEBUG] [org.gradle.cache.internal.DefaultFileLockManager] Waiting to acquire shared lock on daemon addresses registry.
2024-06-26T23:03:45.387+0800 [DEBUG] [org.gradle.cache.internal.DefaultFileLockManager] Lock acquired on daemon addresses registry.
2024-06-26T23:03:45.388+0800 [DEBUG] [org.gradle.cache.internal.DefaultFileLockManager] Releasing lock on daemon addresses registry.
2024-06-26T23:03:45.389+0800 [DEBUG] [org.gradle.cache.internal.DefaultFileLockManager] Waiting to acquire shared lock on daemon addresses registry.
2024-06-26T23:03:45.389+0800 [DEBUG] [org.gradle.cache.internal.DefaultFileLockManager] Lock acquired on daemon addresses registry.
2024-06-26T23:03:45.390+0800 [DEBUG] [org.gradle.cache.internal.DefaultFileLockManager] Releasing lock on daemon addresses registry.
2024-06-26T23:03:47.313+0800 [DEBUG] [org.gradle.process.internal.health.memory.DefaultMemoryManager] 837529600 physical memory requested, 420806656 free
2024-06-26T23:03:47.313+0800 [DEBUG] [org.gradle.workers.internal.WorkerDaemonExpiration] Will attempt to release 798 of memory
2024-06-26T23:03:47.313+0800 [DEBUG] [org.gradle.process.internal.health.memory.DefaultMemoryManager] 837529600 physical memory requested, 0 released, 420806656 free
2024-06-26T23:03:52.309+0800 [DEBUG] [org.gradle.process.internal.health.memory.DefaultMemoryManager] 837529600 physical memory requested, 390541312 free
2024-06-26T23:03:52.310+0800 [DEBUG] [org.gradle.workers.internal.WorkerDaemonExpiration] Will attempt to release 798 of memory
2024-06-26T23:03:52.310+0800 [DEBUG] [org.gradle.process.internal.health.memory.DefaultMemoryManager] 837529600 physical memory requested, 0 released, 390541312 free
2024-06-26T23:03:55.389+0800 [DEBUG] [org.gradle.cache.internal.DefaultFileLockManager] Waiting to acquire shared lock on daemon addresses registry.
2024-06-26T23:03:55.390+0800 [DEBUG] [org.gradle.cache.internal.DefaultFileLockManager] Lock acquired on daemon addresses registry.
2024-06-26T23:03:55.390+0800 [DEBUG] [org.gradle.cache.internal.DefaultFileLockManager] Releasing lock on daemon addresses registry.
2024-06-26T23:03:55.392+0800 [DEBUG] [org.gradle.cache.internal.DefaultFileLockManager] Waiting to acquire shared lock on daemon addresses registry.
2024-06-26T23:03:55.392+0800 [DEBUG] [org.gradle.cache.internal.DefaultFileLockManager] Lock acquired on daemon addresses registry.
2024-06-26T23:03:55.392+0800 [DEBUG] [org.gradle.cache.internal.DefaultFileLockManager] Releasing lock on daemon addresses registry.
2024-06-26T23:03:55.393+0800 [DEBUG] [org.gradle.cache.internal.DefaultFileLockManager] Waiting to acquire shared lock on daemon addresses registry.
2024-06-26T23:03:55.394+0800 [DEBUG] [org.gradle.cache.internal.DefaultFileLockManager] Lock acquired on daemon addresses registry.
2024-06-26T23:03:55.394+0800 [DEBUG] [org.gradle.cache.internal.DefaultFileLockManager] Releasing lock on daemon addresses registry.
2024-06-26T23:03:57.317+0800 [DEBUG] [org.gradle.process.internal.health.memory.DefaultMemoryManager] 837529600 physical memory requested, 426319872 free
2024-06-26T23:03:57.317+0800 [DEBUG] [org.gradle.workers.internal.WorkerDaemonExpiration] Will attempt to release 798 of memory
2024-06-26T23:03:57.317+0800 [DEBUG] [org.gradle.process.internal.health.memory.DefaultMemoryManager] 837529600 physical memory requested, 0 released, 426319872 free
2024-06-26T23:04:02.319+0800 [DEBUG] [org.gradle.process.internal.health.memory.DefaultMemoryManager] 837529600 physical memory requested, 404353024 free
2024-06-26T23:04:02.319+0800 [DEBUG] [org.gradle.workers.internal.WorkerDaemonExpiration] Will attempt to release 798 of memory
2024-06-26T23:04:02.319+0800 [DEBUG] [org.gradle.process.internal.health.memory.DefaultMemoryManager] 837529600 physical memory requested, 0 released, 404353024 free
2024-06-26T23:04:05.394+0800 [DEBUG] [org.gradle.cache.internal.DefaultFileLockManager] Waiting to acquire shared lock on daemon addresses registry.
2024-06-26T23:04:05.394+0800 [DEBUG] [org.gradle.cache.internal.DefaultFileLockManager] Lock acquired on daemon addresses registry.
2024-06-26T23:04:05.394+0800 [DEBUG] [org.gradle.cache.internal.DefaultFileLockManager] Releasing lock on daemon addresses registry.
2024-06-26T23:04:05.395+0800 [DEBUG] [org.gradle.cache.internal.DefaultFileLockManager] Waiting to acquire shared lock on daemon addresses registry.
2024-06-26T23:04:05.396+0800 [DEBUG] [org.gradle.cache.internal.DefaultFileLockManager] Lock acquired on daemon addresses registry.
2024-06-26T23:04:05.396+0800 [DEBUG] [org.gradle.cache.internal.DefaultFileLockManager] Releasing lock on daemon addresses registry.
2024-06-26T23:04:05.397+0800 [DEBUG] [org.gradle.cache.internal.DefaultFileLockManager] Waiting to acquire shared lock on daemon addresses registry.
2024-06-26T23:04:05.397+0800 [DEBUG] [org.gradle.cache.internal.DefaultFileLockManager] Lock acquired on daemon addresses registry.
2024-06-26T23:04:05.397+0800 [DEBUG] [org.gradle.cache.internal.DefaultFileLockManager] Releasing lock on daemon addresses registry.
2024-06-26T23:04:07.307+0800 [DEBUG] [org.gradle.process.internal.health.memory.DefaultMemoryManager] 837529600 physical memory requested, 531628032 free
2024-06-26T23:04:07.308+0800 [DEBUG] [org.gradle.workers.internal.WorkerDaemonExpiration] Will attempt to release 798 of memory
2024-06-26T23:04:07.308+0800 [DEBUG] [org.gradle.process.internal.health.memory.DefaultMemoryManager] 837529600 physical memory requested, 0 released, 531628032 free
2024-06-26T23:04:12.302+0800 [DEBUG] [org.gradle.process.internal.health.memory.DefaultMemoryManager] 837529600 physical memory requested, 614141952 free
2024-06-26T23:04:12.302+0800 [DEBUG] [org.gradle.workers.internal.WorkerDaemonExpiration] Will attempt to release 798 of memory
2024-06-26T23:04:12.302+0800 [DEBUG] [org.gradle.process.internal.health.memory.DefaultMemoryManager] 837529600 physical memory requested, 0 released, 614141952 free
2024-06-26T23:04:15.395+0800 [DEBUG] [org.gradle.cache.internal.DefaultFileLockManager] Waiting to acquire shared lock on daemon addresses registry.
2024-06-26T23:04:15.395+0800 [DEBUG] [org.gradle.cache.internal.DefaultFileLockManager] Lock acquired on daemon addresses registry.
2024-06-26T23:04:15.396+0800 [DEBUG] [org.gradle.cache.internal.DefaultFileLockManager] Releasing lock on daemon addresses registry.
2024-06-26T23:04:15.399+0800 [DEBUG] [org.gradle.cache.internal.DefaultFileLockManager] Waiting to acquire shared lock on daemon addresses registry.
2024-06-26T23:04:15.400+0800 [DEBUG] [org.gradle.cache.internal.DefaultFileLockManager] Lock acquired on daemon addresses registry.
2024-06-26T23:04:15.402+0800 [DEBUG] [org.gradle.cache.internal.DefaultFileLockManager] Releasing lock on daemon addresses registry.
2024-06-26T23:04:15.408+0800 [DEBUG] [org.gradle.cache.internal.DefaultFileLockManager] Waiting to acquire shared lock on daemon addresses registry.
2024-06-26T23:04:15.409+0800 [DEBUG] [org.gradle.cache.internal.DefaultFileLockManager] Lock acquired on daemon addresses registry.
2024-06-26T23:04:15.411+0800 [DEBUG] [org.gradle.cache.internal.DefaultFileLockManager] Releasing lock on daemon addresses registry.
2024-06-26T23:04:17.317+0800 [DEBUG] [org.gradle.process.internal.health.memory.DefaultMemoryManager] 837529600 physical memory requested, 515756032 free
2024-06-26T23:04:17.317+0800 [DEBUG] [org.gradle.workers.internal.WorkerDaemonExpiration] Will attempt to release 798 of memory
2024-06-26T23:04:17.317+0800 [DEBUG] [org.gradle.process.internal.health.memory.DefaultMemoryManager] 837529600 physical memory requested, 0 released, 515756032 free
2024-06-26T23:04:22.304+0800 [DEBUG] [org.gradle.process.internal.health.memory.DefaultMemoryManager] 837529600 physical memory requested, 450576384 free
2024-06-26T23:04:22.304+0800 [DEBUG] [org.gradle.workers.internal.WorkerDaemonExpiration] Will attempt to release 798 of memory
2024-06-26T23:04:22.304+0800 [DEBUG] [org.gradle.process.internal.health.memory.DefaultMemoryManager] 837529600 physical memory requested, 0 released, 450576384 free
2024-06-26T23:04:24.892+0800 [DEBUG] [org.gradle.internal.remote.internal.inet.TcpIncomingConnector] Accepted connection from /127.0.0.1:60961 to /127.0.0.1:60145.
2024-06-26T23:04:24.979+0800 [DEBUG] [org.gradle.launcher.daemon.server.SynchronizedDispatchConnection] thread 157: received class org.gradle.launcher.daemon.protocol.Build
2024-06-26T23:04:24.981+0800 [DEBUG] [org.gradle.launcher.daemon.server.DefaultDaemonConnection] thread 157: Received non-IO message from client: Build{id=628c457b-55e3-4983-939f-5dd270b32e23, currentDir=C:\Users\Asus\AndroidStudioProjects\Futbolix}
2024-06-26T23:04:24.981+0800 [INFO] [org.gradle.launcher.daemon.server.DefaultIncomingConnectionHandler] Received command: Build{id=628c457b-55e3-4983-939f-5dd270b32e23, currentDir=C:\Users\Asus\AndroidStudioProjects\Futbolix}.
2024-06-26T23:04:24.981+0800 [DEBUG] [org.gradle.launcher.daemon.server.DefaultIncomingConnectionHandler] Starting executing command: Build{id=628c457b-55e3-4983-939f-5dd270b32e23, currentDir=C:\Users\Asus\AndroidStudioProjects\Futbolix} with connection: socket connection from /127.0.0.1:60145 to /127.0.0.1:60961.
2024-06-26T23:04:24.987+0800 [DEBUG] [org.gradle.launcher.daemon.server.DaemonStateCoordinator] Command execution: started DaemonCommandExecution[command = Build{id=628c457b-55e3-4983-939f-5dd270b32e23, currentDir=C:\Users\Asus\AndroidStudioProjects\Futbolix}, connection = DefaultDaemonConnection: socket connection from /127.0.0.1:60145 to /127.0.0.1:60961] after 1.0 minutes of idle
2024-06-26T23:04:24.988+0800 [INFO] [org.gradle.launcher.daemon.server.DaemonRegistryUpdater] Marking the daemon as busy, address: [d1b2c7f3-2223-464e-9ef4-f1e02e1603d5 port:60145, addresses:[localhost/127.0.0.1]]
2024-06-26T23:04:24.989+0800 [DEBUG] [org.gradle.launcher.daemon.registry.PersistentDaemonRegistry] Marking busy by address: [d1b2c7f3-2223-464e-9ef4-f1e02e1603d5 port:60145, addresses:[localhost/127.0.0.1]]
2024-06-26T23:04:24.993+0800 [DEBUG] [org.gradle.cache.internal.DefaultFileLockManager] Waiting to acquire exclusive lock on daemon addresses registry.
2024-06-26T23:04:24.995+0800 [DEBUG] [org.gradle.cache.internal.DefaultFileLockManager] Lock acquired on daemon addresses registry.
2024-06-26T23:04:25.002+0800 [DEBUG] [org.gradle.cache.internal.DefaultFileLockManager] Releasing lock on daemon addresses registry.
2024-06-26T23:04:25.004+0800 [DEBUG] [org.gradle.launcher.daemon.server.DaemonStateCoordinator] resetting idle timer
2024-06-26T23:04:25.005+0800 [DEBUG] [org.gradle.launcher.daemon.server.DaemonStateCoordinator] daemon is running. Sleeping until state changes.
2024-06-26T23:04:25.006+0800 [INFO] [org.gradle.launcher.daemon.server.exec.StartBuildOrRespondWithBusy] Daemon is about to start building Build{id=628c457b-55e3-4983-939f-5dd270b32e23, currentDir=C:\Users\Asus\AndroidStudioProjects\Futbolix}. Dispatching build started information...
2024-06-26T23:04:25.008+0800 [DEBUG] [org.gradle.launcher.daemon.server.SynchronizedDispatchConnection] thread 159: dispatching org.gradle.launcher.daemon.protocol.BuildStarted@a777b32
2024-06-26T23:04:25.014+0800 [DEBUG] [org.gradle.launcher.daemon.server.SynchronizedDispatchConnection] thread 157: received class org.gradle.launcher.daemon.protocol.CloseInput
2024-06-26T23:04:25.015+0800 [DEBUG] [org.gradle.launcher.daemon.server.DefaultDaemonConnection] thread 157: Received IO message from client: org.gradle.launcher.daemon.protocol.CloseInput@4651fdb7
2024-06-26T23:04:25.021+0800 [DEBUG] [org.gradle.launcher.daemon.server.exec.EstablishBuildEnvironment] Configuring env variables: [USERDOMAIN_ROAMINGPROFILE, LOCALAPPDATA, PROCESSOR_LEVEL, USERDOMAIN, LOGONSERVER, JAVA_HOME, SESSIONNAME, ALLUSERSPROFILE, PROCESSOR_ARCHITECTURE, PSModulePath, SystemDrive, OneDrive, MAVEN_HOME, APPDATA, EFC_12328, USERNAME, ProgramFiles(x86), CommonProgramFiles, Path, PATHEXT, DriverData, OS, OneDriveConsumer, COMPUTERNAME, PROCESSOR_REVISION, CommonProgramW6432, PyCharm Community Edition, ComSpec, ProgramData, ProgramW6432, TEMP, HOMEPATH, SystemRoot, PROCESSOR_IDENTIFIER, HOMEDRIVE, PT6HOME, USERPROFILE, TMP, CommonProgramFiles(x86), ProgramFiles, PUBLIC, windir, NUMBER_OF_PROCESSORS, =::, IDEA_INITIAL_DIRECTORY, ZES_ENABLE_SYSMAN]
2024-06-26T23:04:25.036+0800 [DEBUG] [org.gradle.launcher.daemon.server.exec.LogToClient] About to start relaying all logs to the client via the connection.
2024-06-26T23:04:25.037+0800 [INFO] [org.gradle.launcher.daemon.server.exec.LogToClient] The client will now receive all logging from the daemon (pid: 9844). The daemon log file: C:\Users\Asus\AndroidStudioProjects\Futbolix\daemon\8.6\daemon-9844.out.log
2024-06-26T23:04:25.105+0800 [INFO] [org.gradle.launcher.daemon.server.exec.LogAndCheckHealth] Starting 2nd build in daemon [uptime: 11 mins 20.113 secs, performance: 100%, GC rate: 0.00/s, heap usage: 0% of 2 GiB]
2024-06-26T23:04:25.108+0800 [DEBUG] [org.gradle.launcher.daemon.server.exec.ExecuteBuild] The daemon has started executing the build.
2024-06-26T23:04:25.109+0800 [DEBUG] [org.gradle.launcher.daemon.server.exec.ExecuteBuild] Executing build with daemon context: DefaultDaemonContext[uid=4001424d-2049-44b7-8cc9-f9de0ffd0833,javaHome=C:\Program Files\Android\Android Studio\jbr,daemonRegistryDir=C:\Users\Asus\AndroidStudioProjects\Futbolix\daemon,pid=9844,idleTimeout=10800000,priority=NORMAL,applyInstrumentationAgent=true,daemonOpts=--add-opens=java.base/java.util=ALL-UNNAMED,--add-opens=java.base/java.lang=ALL-UNNAMED,--add-opens=java.base/java.lang.invoke=ALL-UNNAMED,--add-opens=java.prefs/java.util.prefs=ALL-UNNAMED,--add-opens=java.base/java.nio.charset=ALL-UNNAMED,--add-opens=java.base/java.net=ALL-UNNAMED,--add-opens=java.base/java.util.concurrent.atomic=ALL-UNNAMED,-Xmx2048m,-Dfile.encoding=UTF-8,-Duser.country=US,-Duser.language=en,-Duser.variant]
2024-06-26T23:04:25.110+0800 [INFO] [org.gradle.launcher.daemon.server.exec.ForwardClientInput] Closing daemon's stdin at end of input.
2024-06-26T23:04:25.110+0800 [INFO] [org.gradle.launcher.daemon.server.exec.ForwardClientInput] The daemon will no longer process any standard input.

BUILD SUCCESSFUL in 23s
2024-06-26T23:04:48.276+0800 [DEBUG] [org.gradle.launcher.daemon.server.exec.ExecuteBuild] The daemon has finished executing the build.
2024-06-26T23:04:48.313+0800 [DEBUG] [org.gradle.launcher.daemon.server.DaemonStateCoordinator] daemon is running. Sleeping until state changes.
2024-06-26T23:04:48.316+0800 [DEBUG] [org.gradle.launcher.daemon.server.DaemonStateCoordinator] Command execution: finished waiting for DaemonCommandExecution[command = Build{id=628c457b-55e3-4983-939f-5dd270b32e23, currentDir=C:\Users\Asus\AndroidStudioProjects\Futbolix}, connection = DefaultDaemonConnection: socket connection from /127.0.0.1:60145 to /127.0.0.1:60961]. Result org.gradle.launcher.daemon.server.DaemonStateCoordinator@53c10d4c with state Busy
2024-06-26T23:04:48.317+0800 [DEBUG] [org.gradle.launcher.daemon.server.DaemonStateCoordinator] Command execution: completed DaemonCommandExecution[command = Build{id=628c457b-55e3-4983-939f-5dd270b32e23, currentDir=C:\Users\Asus\AndroidStudioProjects\Futbolix}, connection = DefaultDaemonConnection: socket connection from /127.0.0.1:60145 to /127.0.0.1:60961]
2024-06-26T23:04:48.317+0800 [DEBUG] [org.gradle.launcher.daemon.server.DaemonStateCoordinator] resetting idle timer
2024-06-26T23:04:48.317+0800 [INFO] [org.gradle.launcher.daemon.server.DaemonRegistryUpdater] Marking the daemon as idle, address: [d1b2c7f3-2223-464e-9ef4-f1e02e1603d5 port:60145, addresses:[localhost/127.0.0.1]]
2024-06-26T23:04:48.317+0800 [DEBUG] [org.gradle.launcher.daemon.registry.PersistentDaemonRegistry] Marking busy by address: [d1b2c7f3-2223-464e-9ef4-f1e02e1603d5 port:60145, addresses:[localhost/127.0.0.1]]
2024-06-26T23:04:48.322+0800 [DEBUG] [org.gradle.cache.internal.DefaultFileLockManager] Waiting to acquire exclusive lock on daemon addresses registry.
2024-06-26T23:04:48.323+0800 [DEBUG] [org.gradle.cache.internal.DefaultFileLockManager] Lock acquired on daemon addresses registry.
2024-06-26T23:04:48.328+0800 [DEBUG] [org.gradle.cache.internal.DefaultFileLockManager] Releasing lock on daemon addresses registry.
2024-06-26T23:04:48.330+0800 [DEBUG] [org.gradle.launcher.daemon.server.DaemonStateCoordinator] daemon is running. Sleeping until state changes.
2024-06-26T23:04:48.331+0800 [DEBUG] [org.gradle.launcher.daemon.server.exec.ReturnResult] Daemon is dispatching the build result: Success[value=org.gradle.launcher.exec.BuildActionResult@66f6a4b5]
2024-06-26T23:04:48.331+0800 [DEBUG] [org.gradle.launcher.daemon.server.SynchronizedDispatchConnection] thread 156: dispatching Success[value=org.gradle.launcher.exec.BuildActionResult@66f6a4b5]
2024-06-26T23:04:48.333+0800 [DEBUG] [org.gradle.launcher.daemon.server.DefaultIncomingConnectionHandler] Finishing executing command: Build{id=628c457b-55e3-4983-939f-5dd270b32e23, currentDir=C:\Users\Asus\AndroidStudioProjects\Futbolix}
2024-06-26T23:04:49.547+0800 [DEBUG] [org.gradle.launcher.daemon.server.SynchronizedDispatchConnection] thread 157: received class org.gradle.launcher.daemon.protocol.Finished
2024-06-26T23:04:49.547+0800 [DEBUG] [org.gradle.launcher.daemon.server.DefaultDaemonConnection] thread 157: Received non-IO message from client: org.gradle.launcher.daemon.protocol.Finished@48961b0d
2024-06-26T23:04:49.548+0800 [DEBUG] [org.gradle.launcher.daemon.server.DefaultIncomingConnectionHandler] Received finished message: org.gradle.launcher.daemon.protocol.Finished@48961b0d
2024-06-26T23:04:49.548+0800 [DEBUG] [org.gradle.launcher.daemon.server.SynchronizedDispatchConnection] thread 156: stopping connection
2024-06-26T23:04:49.548+0800 [DEBUG] [org.gradle.internal.remote.internal.inet.SocketConnection] Discarding EOFException: java.io.EOFException
2024-06-26T23:04:49.548+0800 [DEBUG] [org.gradle.launcher.daemon.server.SynchronizedDispatchConnection] thread 157: received null
2024-06-26T23:04:49.549+0800 [DEBUG] [org.gradle.launcher.daemon.server.DefaultDaemonConnection] thread 157: Received end-of-input from client.
2024-06-26T23:04:49.550+0800 [DEBUG] [org.gradle.launcher.daemon.server.SynchronizedDispatchConnection] thread 156: stopping connection
2024-06-26T23:04:52.317+0800 [DEBUG] [org.gradle.process.internal.health.memory.DefaultMemoryManager] 837529600 physical memory requested, 680267776 free
2024-06-26T23:04:52.317+0800 [DEBUG] [org.gradle.workers.internal.WorkerDaemonExpiration] Will attempt to release 798 of memory
2024-06-26T23:04:52.318+0800 [DEBUG] [org.gradle.process.internal.health.memory.DefaultMemoryManager] 837529600 physical memory requested, 0 released, 680267776 free
2024-06-26T23:04:55.402+0800 [DEBUG] [org.gradle.cache.internal.DefaultFileLockManager] Waiting to acquire shared lock on daemon addresses registry.
2024-06-26T23:04:55.403+0800 [DEBUG] [org.gradle.cache.internal.DefaultFileLockManager] Lock acquired on daemon addresses registry.
2024-06-26T23:04:55.404+0800 [DEBUG] [org.gradle.cache.internal.DefaultFileLockManager] Releasing lock on daemon addresses registry.
2024-06-26T23:04:55.409+0800 [DEBUG] [org.gradle.cache.internal.DefaultFileLockManager] Waiting to acquire shared lock on daemon addresses registry.
2024-06-26T23:04:55.410+0800 [DEBUG] [org.gradle.cache.internal.DefaultFileLockManager] Lock acquired on daemon addresses registry.
2024-06-26T23:04:55.412+0800 [DEBUG] [org.gradle.cache.internal.DefaultFileLockManager] Releasing lock on daemon addresses registry.
2024-06-26T23:04:57.315+0800 [DEBUG] [org.gradle.process.internal.health.memory.DefaultMemoryManager] 837529600 physical memory requested, 564453376 free
2024-06-26T23:04:57.315+0800 [DEBUG] [org.gradle.workers.internal.WorkerDaemonExpiration] Will attempt to release 798 of memory
2024-06-26T23:04:57.315+0800 [DEBUG] [org.gradle.process.internal.health.memory.DefaultMemoryManager] 837529600 physical memory requested, 0 released, 564453376 free
2024-06-26T23:05:02.492+0800 [DEBUG] [org.gradle.process.internal.health.memory.DefaultMemoryManager] 837529600 physical memory requested, 580419584 free
2024-06-26T23:05:02.493+0800 [DEBUG] [org.gradle.workers.internal.WorkerDaemonExpiration] Will attempt to release 798 of memory
2024-06-26T23:05:02.493+0800 [DEBUG] [org.gradle.process.internal.health.memory.DefaultMemoryManager] 837529600 physical memory requested, 0 released, 580419584 free
2024-06-26T23:05:05.387+0800 [DEBUG] [org.gradle.cache.internal.DefaultFileLockManager] Waiting to acquire shared lock on daemon addresses registry.
2024-06-26T23:05:05.388+0800 [DEBUG] [org.gradle.cache.internal.DefaultFileLockManager] Lock acquired on daemon addresses registry.
2024-06-26T23:05:05.388+0800 [DEBUG] [org.gradle.cache.internal.DefaultFileLockManager] Releasing lock on daemon addresses registry.
2024-06-26T23:05:05.391+0800 [DEBUG] [org.gradle.cache.internal.DefaultFileLockManager] Waiting to acquire shared lock on daemon addresses registry.
2024-06-26T23:05:05.392+0800 [DEBUG] [org.gradle.cache.internal.DefaultFileLockManager] Lock acquired on daemon addresses registry.
2024-06-26T23:05:05.392+0800 [DEBUG] [org.gradle.cache.internal.DefaultFileLockManager] Releasing lock on daemon addresses registry.
2024-06-26T23:05:05.395+0800 [DEBUG] [org.gradle.cache.internal.DefaultFileLockManager] Waiting to acquire shared lock on daemon addresses registry.
2024-06-26T23:05:05.395+0800 [DEBUG] [org.gradle.cache.internal.DefaultFileLockManager] Lock acquired on daemon addresses registry.
2024-06-26T23:05:05.396+0800 [DEBUG] [org.gradle.cache.internal.DefaultFileLockManager] Releasing lock on daemon addresses registry.
2024-06-26T23:05:05.531+0800 [DEBUG] [org.gradle.internal.remote.internal.inet.TcpIncomingConnector] Accepted connection from /127.0.0.1:61059 to /127.0.0.1:60145.
2024-06-26T23:05:05.554+0800 [DEBUG] [org.gradle.launcher.daemon.server.SynchronizedDispatchConnection] thread 231: received class org.gradle.launcher.daemon.protocol.Build
2024-06-26T23:05:05.555+0800 [DEBUG] [org.gradle.launcher.daemon.server.DefaultDaemonConnection] thread 231: Received non-IO message from client: Build{id=48dbb155-5b88-4f6f-afc5-37a43bcd1c4d, currentDir=C:\Users\Asus\AndroidStudioProjects\Futbolix}
2024-06-26T23:05:05.555+0800 [INFO] [org.gradle.launcher.daemon.server.DefaultIncomingConnectionHandler] Received command: Build{id=48dbb155-5b88-4f6f-afc5-37a43bcd1c4d, currentDir=C:\Users\Asus\AndroidStudioProjects\Futbolix}.
2024-06-26T23:05:05.555+0800 [DEBUG] [org.gradle.launcher.daemon.server.DefaultIncomingConnectionHandler] Starting executing command: Build{id=48dbb155-5b88-4f6f-afc5-37a43bcd1c4d, currentDir=C:\Users\Asus\AndroidStudioProjects\Futbolix} with connection: socket connection from /127.0.0.1:60145 to /127.0.0.1:61059.
2024-06-26T23:05:05.557+0800 [DEBUG] [org.gradle.launcher.daemon.server.DaemonStateCoordinator] Command execution: started DaemonCommandExecution[command = Build{id=48dbb155-5b88-4f6f-afc5-37a43bcd1c4d, currentDir=C:\Users\Asus\AndroidStudioProjects\Futbolix}, connection = DefaultDaemonConnection: socket connection from /127.0.0.1:60145 to /127.0.0.1:61059] after 0.0 minutes of idle
2024-06-26T23:05:05.557+0800 [INFO] [org.gradle.launcher.daemon.server.DaemonRegistryUpdater] Marking the daemon as busy, address: [d1b2c7f3-2223-464e-9ef4-f1e02e1603d5 port:60145, addresses:[localhost/127.0.0.1]]
2024-06-26T23:05:05.558+0800 [DEBUG] [org.gradle.launcher.daemon.registry.PersistentDaemonRegistry] Marking busy by address: [d1b2c7f3-2223-464e-9ef4-f1e02e1603d5 port:60145, addresses:[localhost/127.0.0.1]]
2024-06-26T23:05:05.561+0800 [DEBUG] [org.gradle.cache.internal.DefaultFileLockManager] Waiting to acquire exclusive lock on daemon addresses registry.
2024-06-26T23:05:05.562+0800 [DEBUG] [org.gradle.cache.internal.DefaultFileLockManager] Lock acquired on daemon addresses registry.
2024-06-26T23:05:05.570+0800 [DEBUG] [org.gradle.cache.internal.DefaultFileLockManager] Releasing lock on daemon addresses registry.
2024-06-26T23:05:05.571+0800 [DEBUG] [org.gradle.launcher.daemon.server.DaemonStateCoordinator] resetting idle timer
2024-06-26T23:05:05.571+0800 [DEBUG] [org.gradle.launcher.daemon.server.DaemonStateCoordinator] daemon is running. Sleeping until state changes.
2024-06-26T23:05:05.571+0800 [INFO] [org.gradle.launcher.daemon.server.exec.StartBuildOrRespondWithBusy] Daemon is about to start building Build{id=48dbb155-5b88-4f6f-afc5-37a43bcd1c4d, currentDir=C:\Users\Asus\AndroidStudioProjects\Futbolix}. Dispatching build started information...
2024-06-26T23:05:05.571+0800 [DEBUG] [org.gradle.launcher.daemon.server.SynchronizedDispatchConnection] thread 159: dispatching org.gradle.launcher.daemon.protocol.BuildStarted@3d0efda6
2024-06-26T23:05:05.574+0800 [DEBUG] [org.gradle.launcher.daemon.server.exec.EstablishBuildEnvironment] Configuring env variables: [USERDOMAIN_ROAMINGPROFILE, LOCALAPPDATA, PROCESSOR_LEVEL, USERDOMAIN, LOGONSERVER, JAVA_HOME, SESSIONNAME, ALLUSERSPROFILE, PROCESSOR_ARCHITECTURE, PSModulePath, SystemDrive, OneDrive, MAVEN_HOME, APPDATA, EFC_12328, USERNAME, ProgramFiles(x86), CommonProgramFiles, Path, PATHEXT, DriverData, OS, OneDriveConsumer, COMPUTERNAME, PROCESSOR_REVISION, CommonProgramW6432, PyCharm Community Edition, ComSpec, ProgramData, ProgramW6432, TEMP, HOMEPATH, SystemRoot, PROCESSOR_IDENTIFIER, HOMEDRIVE, PT6HOME, USERPROFILE, TMP, CommonProgramFiles(x86), ProgramFiles, PUBLIC, windir, NUMBER_OF_PROCESSORS, =::, IDEA_INITIAL_DIRECTORY, ZES_ENABLE_SYSMAN]
2024-06-26T23:05:05.574+0800 [DEBUG] [org.gradle.launcher.daemon.server.SynchronizedDispatchConnection] thread 231: received class org.gradle.launcher.daemon.protocol.CloseInput
2024-06-26T23:05:05.575+0800 [DEBUG] [org.gradle.launcher.daemon.server.DefaultDaemonConnection] thread 231: Received IO message from client: org.gradle.launcher.daemon.protocol.CloseInput@6b2b1513
2024-06-26T23:05:05.576+0800 [DEBUG] [org.gradle.launcher.daemon.server.exec.LogToClient] About to start relaying all logs to the client via the connection.
2024-06-26T23:05:05.576+0800 [INFO] [org.gradle.launcher.daemon.server.exec.LogToClient] The client will now receive all logging from the daemon (pid: 9844). The daemon log file: C:\Users\Asus\AndroidStudioProjects\Futbolix\daemon\8.6\daemon-9844.out.log
2024-06-26T23:05:05.579+0800 [INFO] [org.gradle.launcher.daemon.server.exec.LogAndCheckHealth] Starting 3rd build in daemon [uptime: 12 mins 0.649 secs, performance: 100%, GC rate: 0.00/s, heap usage: 0% of 2 GiB]
2024-06-26T23:05:05.580+0800 [DEBUG] [org.gradle.launcher.daemon.server.exec.ExecuteBuild] The daemon has started executing the build.
2024-06-26T23:05:05.580+0800 [INFO] [org.gradle.launcher.daemon.server.exec.ForwardClientInput] Closing daemon's stdin at end of input.
2024-06-26T23:05:05.580+0800 [DEBUG] [org.gradle.launcher.daemon.server.exec.ExecuteBuild] Executing build with daemon context: DefaultDaemonContext[uid=4001424d-2049-44b7-8cc9-f9de0ffd0833,javaHome=C:\Program Files\Android\Android Studio\jbr,daemonRegistryDir=C:\Users\Asus\AndroidStudioProjects\Futbolix\daemon,pid=9844,idleTimeout=10800000,priority=NORMAL,applyInstrumentationAgent=true,daemonOpts=--add-opens=java.base/java.util=ALL-UNNAMED,--add-opens=java.base/java.lang=ALL-UNNAMED,--add-opens=java.base/java.lang.invoke=ALL-UNNAMED,--add-opens=java.prefs/java.util.prefs=ALL-UNNAMED,--add-opens=java.base/java.nio.charset=ALL-UNNAMED,--add-opens=java.base/java.net=ALL-UNNAMED,--add-opens=java.base/java.util.concurrent.atomic=ALL-UNNAMED,-Xmx2048m,-Dfile.encoding=UTF-8,-Duser.country=US,-Duser.language=en,-Duser.variant]
2024-06-26T23:05:05.580+0800 [INFO] [org.gradle.launcher.daemon.server.exec.ForwardClientInput] The daemon will no longer process any standard input.
w: file:///C:/Users/Asus/AndroidStudioProjects/Futbolix/core/src/main/java/com/example/futbolix/core/data/PlayerRepository.kt:56:16 Condition 'it != null' is always 'true'
w: file:///C:/Users/Asus/AndroidStudioProjects/Futbolix/core/src/main/java/com/example/futbolix/core/utils/DataMapper.kt:24:13 Condition 'input != null' is always 'true'
Unable to strip the following libraries, packaging them as they are: libdatastore_shared_counter.so.

BUILD SUCCESSFUL in 5m 19s
106 actionable tasks: 106 executed
2024-06-26T23:10:25.573+0800 [DEBUG] [org.gradle.launcher.daemon.server.exec.ExecuteBuild] The daemon has finished executing the build.
2024-06-26T23:10:25.592+0800 [DEBUG] [org.gradle.launcher.daemon.server.DaemonStateCoordinator] Command execution: finished waiting for DaemonCommandExecution[command = Build{id=48dbb155-5b88-4f6f-afc5-37a43bcd1c4d, currentDir=C:\Users\Asus\AndroidStudioProjects\Futbolix}, connection = DefaultDaemonConnection: socket connection from /127.0.0.1:60145 to /127.0.0.1:61059]. Result org.gradle.launcher.daemon.server.DaemonStateCoordinator@53c10d4c with state Busy
2024-06-26T23:10:25.593+0800 [DEBUG] [org.gradle.launcher.daemon.server.DaemonStateCoordinator] Command execution: completed DaemonCommandExecution[command = Build{id=48dbb155-5b88-4f6f-afc5-37a43bcd1c4d, currentDir=C:\Users\Asus\AndroidStudioProjects\Futbolix}, connection = DefaultDaemonConnection: socket connection from /127.0.0.1:60145 to /127.0.0.1:61059]
2024-06-26T23:10:25.593+0800 [DEBUG] [org.gradle.launcher.daemon.server.DaemonStateCoordinator] resetting idle timer
2024-06-26T23:10:25.594+0800 [INFO] [org.gradle.launcher.daemon.server.DaemonRegistryUpdater] Marking the daemon as idle, address: [d1b2c7f3-2223-464e-9ef4-f1e02e1603d5 port:60145, addresses:[localhost/127.0.0.1]]
2024-06-26T23:10:25.595+0800 [DEBUG] [org.gradle.launcher.daemon.registry.PersistentDaemonRegistry] Marking busy by address: [d1b2c7f3-2223-464e-9ef4-f1e02e1603d5 port:60145, addresses:[localhost/127.0.0.1]]
2024-06-26T23:10:25.597+0800 [DEBUG] [org.gradle.cache.internal.DefaultFileLockManager] Waiting to acquire exclusive lock on daemon addresses registry.
2024-06-26T23:10:25.598+0800 [DEBUG] [org.gradle.cache.internal.DefaultFileLockManager] Lock acquired on daemon addresses registry.
2024-06-26T23:10:25.602+0800 [DEBUG] [org.gradle.cache.internal.DefaultFileLockManager] Releasing lock on daemon addresses registry.
2024-06-26T23:10:25.604+0800 [DEBUG] [org.gradle.launcher.daemon.server.exec.ReturnResult] Daemon is dispatching the build result: Success[value=org.gradle.launcher.exec.BuildActionResult@142f0bed]
2024-06-26T23:10:25.604+0800 [DEBUG] [org.gradle.launcher.daemon.server.SynchronizedDispatchConnection] thread 156: dispatching Success[value=org.gradle.launcher.exec.BuildActionResult@142f0bed]
2024-06-26T23:10:25.604+0800 [DEBUG] [org.gradle.launcher.daemon.server.DaemonStateCoordinator] daemon is running. Sleeping until state changes.
2024-06-26T23:10:25.607+0800 [DEBUG] [org.gradle.launcher.daemon.server.DefaultIncomingConnectionHandler] Finishing executing command: Build{id=48dbb155-5b88-4f6f-afc5-37a43bcd1c4d, currentDir=C:\Users\Asus\AndroidStudioProjects\Futbolix}
2024-06-26T23:10:25.621+0800 [DEBUG] [org.gradle.launcher.daemon.server.SynchronizedDispatchConnection] thread 231: received class org.gradle.launcher.daemon.protocol.Finished
2024-06-26T23:10:25.621+0800 [DEBUG] [org.gradle.launcher.daemon.server.DefaultDaemonConnection] thread 231: Received non-IO message from client: org.gradle.launcher.daemon.protocol.Finished@65ecf606
2024-06-26T23:10:25.622+0800 [DEBUG] [org.gradle.launcher.daemon.server.DefaultIncomingConnectionHandler] Received finished message: org.gradle.launcher.daemon.protocol.Finished@65ecf606
2024-06-26T23:10:25.622+0800 [DEBUG] [org.gradle.launcher.daemon.server.SynchronizedDispatchConnection] thread 156: stopping connection
2024-06-26T23:10:25.625+0800 [DEBUG] [org.gradle.internal.remote.internal.inet.SocketConnection] Discarding EOFException: java.io.EOFException
2024-06-26T23:10:25.625+0800 [DEBUG] [org.gradle.launcher.daemon.server.SynchronizedDispatchConnection] thread 231: received null
2024-06-26T23:10:25.625+0800 [DEBUG] [org.gradle.launcher.daemon.server.DefaultDaemonConnection] thread 231: Received end-of-input from client.
2024-06-26T23:10:25.626+0800 [DEBUG] [org.gradle.launcher.daemon.server.SynchronizedDispatchConnection] thread 156: stopping connection
2024-06-26T23:10:27.262+0800 [DEBUG] [sun.rmi.transport.tcp] RMI Scheduler(0): close connection, socket: Socket[addr=localhost/127.0.0.1,port=17448,localport=63946]
2024-06-26T23:10:27.324+0800 [DEBUG] [org.gradle.process.internal.health.memory.DefaultMemoryManager] 837529600 physical memory requested, 541200384 free
2024-06-26T23:10:27.325+0800 [DEBUG] [org.gradle.workers.internal.WorkerDaemonExpiration] Will attempt to release 798 of memory
2024-06-26T23:10:27.325+0800 [DEBUG] [org.gradle.process.internal.health.memory.DefaultMemoryManager] 837529600 physical memory requested, 0 released, 541200384 free
2024-06-26T23:10:27.704+0800 [DEBUG] [sun.rmi.transport.tcp] RMI TCP Connection(8)-127.0.0.1: (port 62909) connection closed
2024-06-26T23:10:27.705+0800 [DEBUG] [sun.rmi.transport.tcp] RMI TCP Connection(8)-127.0.0.1: close connection, socket: Socket[addr=/127.0.0.1,port=63948,localport=62909]
2024-06-26T23:10:27.706+0800 [DEBUG] [sun.rmi.transport.tcp] RMI TCP Connection(8)-127.0.0.1: socket close: Socket[addr=/127.0.0.1,port=63948,localport=62909]
2024-06-26T23:10:32.326+0800 [DEBUG] [org.gradle.process.internal.health.memory.DefaultMemoryManager] 837529600 physical memory requested, 365215744 free
2024-06-26T23:10:32.330+0800 [DEBUG] [org.gradle.workers.internal.WorkerDaemonExpiration] Will attempt to release 798 of memory
2024-06-26T23:10:32.332+0800 [DEBUG] [org.gradle.process.internal.health.memory.DefaultMemoryManager] 837529600 physical memory requested, 0 released, 365215744 free
2024-06-26T23:10:35.380+0800 [DEBUG] [org.gradle.cache.internal.DefaultFileLockManager] Waiting to acquire shared lock on daemon addresses registry.
2024-06-26T23:10:35.381+0800 [DEBUG] [org.gradle.cache.internal.DefaultFileLockManager] Lock acquired on daemon addresses registry.
2024-06-26T23:10:35.382+0800 [DEBUG] [org.gradle.cache.internal.DefaultFileLockManager] Releasing lock on daemon addresses registry.
2024-06-26T23:10:35.387+0800 [DEBUG] [org.gradle.cache.internal.DefaultFileLockManager] Waiting to acquire shared lock on daemon addresses registry.
2024-06-26T23:10:35.387+0800 [DEBUG] [org.gradle.cache.internal.DefaultFileLockManager] Lock acquired on daemon addresses registry.
2024-06-26T23:10:35.388+0800 [DEBUG] [org.gradle.cache.internal.DefaultFileLockManager] Releasing lock on daemon addresses registry.
2024-06-26T23:10:37.324+0800 [DEBUG] [org.gradle.process.internal.health.memory.DefaultMemoryManager] 837529600 physical memory requested, 468357120 free
2024-06-26T23:10:37.324+0800 [DEBUG] [org.gradle.workers.internal.WorkerDaemonExpiration] Will attempt to release 798 of memory
2024-06-26T23:10:37.324+0800 [DEBUG] [org.gradle.process.internal.health.memory.DefaultMemoryManager] 837529600 physical memory requested, 0 released, 468357120 free
2024-06-26T23:10:42.311+0800 [DEBUG] [org.gradle.process.internal.health.memory.DefaultMemoryManager] 837529600 physical memory requested, 389390336 free
2024-06-26T23:10:42.311+0800 [DEBUG] [org.gradle.workers.internal.WorkerDaemonExpiration] Will attempt to release 798 of memory
2024-06-26T23:10:42.311+0800 [DEBUG] [org.gradle.process.internal.health.memory.DefaultMemoryManager] 837529600 physical memory requested, 0 released, 389390336 free
2024-06-26T23:10:42.321+0800 [DEBUG] [sun.rmi.transport.tcp] RMI Scheduler(0): close connection, socket: Socket[addr=localhost/127.0.0.1,port=17448,localport=63954]
2024-06-26T23:10:45.380+0800 [DEBUG] [org.gradle.cache.internal.DefaultFileLockManager] Waiting to acquire shared lock on daemon addresses registry.
2024-06-26T23:10:45.380+0800 [DEBUG] [org.gradle.cache.internal.DefaultFileLockManager] Lock acquired on daemon addresses registry.
2024-06-26T23:10:45.382+0800 [DEBUG] [org.gradle.cache.internal.DefaultFileLockManager] Releasing lock on daemon addresses registry.
2024-06-26T23:10:45.383+0800 [DEBUG] [org.gradle.cache.internal.DefaultFileLockManager] Waiting to acquire shared lock on daemon addresses registry.
2024-06-26T23:10:45.384+0800 [DEBUG] [org.gradle.cache.internal.DefaultFileLockManager] Lock acquired on daemon addresses registry.
2024-06-26T23:10:45.384+0800 [DEBUG] [org.gradle.cache.internal.DefaultFileLockManager] Releasing lock on daemon addresses registry.
2024-06-26T23:10:45.385+0800 [DEBUG] [org.gradle.cache.internal.DefaultFileLockManager] Waiting to acquire shared lock on daemon addresses registry.
2024-06-26T23:10:45.386+0800 [DEBUG] [org.gradle.cache.internal.DefaultFileLockManager] Lock acquired on daemon addresses registry.
2024-06-26T23:10:45.386+0800 [DEBUG] [org.gradle.cache.internal.DefaultFileLockManager] Releasing lock on daemon addresses registry.
2024-06-26T23:10:55.380+0800 [DEBUG] [org.gradle.cache.internal.DefaultFileLockManager] Waiting to acquire shared lock on daemon addresses registry.
2024-06-26T23:10:55.381+0800 [DEBUG] [org.gradle.cache.internal.DefaultFileLockManager] Lock acquired on daemon addresses registry.
2024-06-26T23:10:55.382+0800 [DEBUG] [org.gradle.cache.internal.DefaultFileLockManager] Releasing lock on daemon addresses registry.
2024-06-26T23:10:55.386+0800 [DEBUG] [org.gradle.cache.internal.DefaultFileLockManager] Waiting to acquire shared lock on daemon addresses registry.
2024-06-26T23:10:55.386+0800 [DEBUG] [org.gradle.cache.internal.DefaultFileLockManager] Lock acquired on daemon addresses registry.
2024-06-26T23:10:55.388+0800 [DEBUG] [org.gradle.cache.internal.DefaultFileLockManager] Releasing lock on daemon addresses registry.
2024-06-26T23:10:55.391+0800 [DEBUG] [org.gradle.cache.internal.DefaultFileLockManager] Waiting to acquire shared lock on daemon addresses registry.
2024-06-26T23:10:55.392+0800 [DEBUG] [org.gradle.cache.internal.DefaultFileLockManager] Lock acquired on daemon addresses registry.
2024-06-26T23:10:55.393+0800 [DEBUG] [org.gradle.cache.internal.DefaultFileLockManager] Releasing lock on daemon addresses registry.
2024-06-26T23:11:05.381+0800 [DEBUG] [org.gradle.cache.internal.DefaultFileLockManager] Waiting to acquire shared lock on daemon addresses registry.
2024-06-26T23:11:05.382+0800 [DEBUG] [org.gradle.cache.internal.DefaultFileLockManager] Lock acquired on daemon addresses registry.
2024-06-26T23:11:05.382+0800 [DEBUG] [org.gradle.cache.internal.DefaultFileLockManager] Releasing lock on daemon addresses registry.
2024-06-26T23:11:05.386+0800 [DEBUG] [org.gradle.cache.internal.DefaultFileLockManager] Waiting to acquire shared lock on daemon addresses registry.
2024-06-26T23:11:05.386+0800 [DEBUG] [org.gradle.cache.internal.DefaultFileLockManager] Lock acquired on daemon addresses registry.
2024-06-26T23:11:05.387+0800 [DEBUG] [org.gradle.cache.internal.DefaultFileLockManager] Releasing lock on daemon addresses registry.
2024-06-26T23:11:05.390+0800 [DEBUG] [org.gradle.cache.internal.DefaultFileLockManager] Waiting to acquire shared lock on daemon addresses registry.
2024-06-26T23:11:05.391+0800 [DEBUG] [org.gradle.cache.internal.DefaultFileLockManager] Lock acquired on daemon addresses registry.
2024-06-26T23:11:05.391+0800 [DEBUG] [org.gradle.cache.internal.DefaultFileLockManager] Releasing lock on daemon addresses registry.
2024-06-26T23:11:15.385+0800 [DEBUG] [org.gradle.cache.internal.DefaultFileLockManager] Waiting to acquire shared lock on daemon addresses registry.
2024-06-26T23:11:15.386+0800 [DEBUG] [org.gradle.cache.internal.DefaultFileLockManager] Lock acquired on daemon addresses registry.
2024-06-26T23:11:15.387+0800 [DEBUG] [org.gradle.cache.internal.DefaultFileLockManager] Releasing lock on daemon addresses registry.
2024-06-26T23:11:15.391+0800 [DEBUG] [org.gradle.cache.internal.DefaultFileLockManager] Waiting to acquire shared lock on daemon addresses registry.
2024-06-26T23:11:15.391+0800 [DEBUG] [org.gradle.cache.internal.DefaultFileLockManager] Lock acquired on daemon addresses registry.
2024-06-26T23:11:15.392+0800 [DEBUG] [org.gradle.cache.internal.DefaultFileLockManager] Releasing lock on daemon addresses registry.
2024-06-26T23:11:15.395+0800 [DEBUG] [org.gradle.cache.internal.DefaultFileLockManager] Waiting to acquire shared lock on daemon addresses registry.
2024-06-26T23:11:15.396+0800 [DEBUG] [org.gradle.cache.internal.DefaultFileLockManager] Lock acquired on daemon addresses registry.
2024-06-26T23:11:15.396+0800 [DEBUG] [org.gradle.cache.internal.DefaultFileLockManager] Releasing lock on daemon addresses registry.
2024-06-26T23:11:25.384+0800 [DEBUG] [org.gradle.cache.internal.DefaultFileLockManager] Waiting to acquire shared lock on daemon addresses registry.
2024-06-26T23:11:25.385+0800 [DEBUG] [org.gradle.cache.internal.DefaultFileLockManager] Lock acquired on daemon addresses registry.
2024-06-26T23:11:25.385+0800 [DEBUG] [org.gradle.cache.internal.DefaultFileLockManager] Releasing lock on daemon addresses registry.
2024-06-26T23:11:25.389+0800 [DEBUG] [org.gradle.cache.internal.DefaultFileLockManager] Waiting to acquire shared lock on daemon addresses registry.
2024-06-26T23:11:25.389+0800 [DEBUG] [org.gradle.cache.internal.DefaultFileLockManager] Lock acquired on daemon addresses registry.
2024-06-26T23:11:25.390+0800 [DEBUG] [org.gradle.cache.internal.DefaultFileLockManager] Releasing lock on daemon addresses registry.
2024-06-26T23:11:25.393+0800 [DEBUG] [org.gradle.cache.internal.DefaultFileLockManager] Waiting to acquire shared lock on daemon addresses registry.
2024-06-26T23:11:25.394+0800 [DEBUG] [org.gradle.cache.internal.DefaultFileLockManager] Lock acquired on daemon addresses registry.
2024-06-26T23:11:25.396+0800 [DEBUG] [org.gradle.cache.internal.DefaultFileLockManager] Releasing lock on daemon addresses registry.
2024-06-26T23:11:35.393+0800 [DEBUG] [org.gradle.cache.internal.DefaultFileLockManager] Waiting to acquire shared lock on daemon addresses registry.
2024-06-26T23:11:35.394+0800 [DEBUG] [org.gradle.cache.internal.DefaultFileLockManager] Lock acquired on daemon addresses registry.
2024-06-26T23:11:35.395+0800 [DEBUG] [org.gradle.cache.internal.DefaultFileLockManager] Releasing lock on daemon addresses registry.
2024-06-26T23:11:35.400+0800 [DEBUG] [org.gradle.cache.internal.DefaultFileLockManager] Waiting to acquire shared lock on daemon addresses registry.
2024-06-26T23:11:35.401+0800 [DEBUG] [org.gradle.cache.internal.DefaultFileLockManager] Lock acquired on daemon addresses registry.
2024-06-26T23:11:35.402+0800 [DEBUG] [org.gradle.cache.internal.DefaultFileLockManager] Releasing lock on daemon addresses registry.
2024-06-26T23:11:35.407+0800 [DEBUG] [org.gradle.cache.internal.DefaultFileLockManager] Waiting to acquire shared lock on daemon addresses registry.
2024-06-26T23:11:35.408+0800 [DEBUG] [org.gradle.cache.internal.DefaultFileLockManager] Lock acquired on daemon addresses registry.
2024-06-26T23:11:35.408+0800 [DEBUG] [org.gradle.cache.internal.DefaultFileLockManager] Releasing lock on daemon addresses registry.
2024-06-26T23:11:41.214+0800 [DEBUG] [org.gradle.internal.remote.internal.inet.TcpIncomingConnector] Accepted connection from /127.0.0.1:63995 to /127.0.0.1:60145.
2024-06-26T23:11:41.233+0800 [DEBUG] [org.gradle.internal.remote.internal.inet.TcpIncomingConnector] Accepted connection from /127.0.0.1:63994 to /127.0.0.1:60145.
2024-06-26T23:11:41.316+0800 [DEBUG] [org.gradle.launcher.daemon.server.SynchronizedDispatchConnection] thread 414: received class org.gradle.launcher.daemon.protocol.StopWhenIdle
2024-06-26T23:11:41.316+0800 [DEBUG] [org.gradle.launcher.daemon.server.SynchronizedDispatchConnection] thread 416: received class org.gradle.launcher.daemon.protocol.StopWhenIdle
2024-06-26T23:11:41.319+0800 [DEBUG] [org.gradle.launcher.daemon.server.DefaultDaemonConnection] thread 414: Received non-IO message from client: StopWhenIdle[id=27ad8251-d63e-4c42-8c5a-f0fee748c82c]
2024-06-26T23:11:41.319+0800 [DEBUG] [org.gradle.launcher.daemon.server.DefaultDaemonConnection] thread 416: Received non-IO message from client: StopWhenIdle[id=61d187cf-0366-4f5b-b760-18c430b70379]
2024-06-26T23:11:41.320+0800 [INFO] [org.gradle.launcher.daemon.server.DefaultIncomingConnectionHandler] Received command: StopWhenIdle[id=27ad8251-d63e-4c42-8c5a-f0fee748c82c].
2024-06-26T23:11:41.320+0800 [INFO] [org.gradle.launcher.daemon.server.DefaultIncomingConnectionHandler] Received command: StopWhenIdle[id=61d187cf-0366-4f5b-b760-18c430b70379].
2024-06-26T23:11:41.320+0800 [DEBUG] [org.gradle.launcher.daemon.server.DefaultIncomingConnectionHandler] Starting executing command: StopWhenIdle[id=27ad8251-d63e-4c42-8c5a-f0fee748c82c] with connection: socket connection from /127.0.0.1:60145 to /127.0.0.1:63995.
2024-06-26T23:11:41.320+0800 [DEBUG] [org.gradle.launcher.daemon.server.DefaultIncomingConnectionHandler] Starting executing command: StopWhenIdle[id=61d187cf-0366-4f5b-b760-18c430b70379] with connection: socket connection from /127.0.0.1:60145 to /127.0.0.1:63994.
2024-06-26T23:11:41.324+0800 [DEBUG] [org.gradle.launcher.daemon.server.DaemonRegistryUpdater] Storing daemon stop event: stop command received
2024-06-26T23:11:41.381+0800 [DEBUG] [org.gradle.launcher.daemon.registry.PersistentDaemonRegistry] Storing daemon stop event with timestamp 1719414701327
2024-06-26T23:11:41.392+0800 [DEBUG] [org.gradle.cache.internal.DefaultFileLockManager] Waiting to acquire exclusive lock on daemon addresses registry.
2024-06-26T23:11:41.393+0800 [DEBUG] [org.gradle.cache.internal.DefaultFileLockManager] Lock acquired on daemon addresses registry.
2024-06-26T23:11:41.394+0800 [DEBUG] [org.gradle.cache.internal.DefaultFileLockManager] Releasing lock on daemon addresses registry.
2024-06-26T23:11:41.395+0800 [LIFECYCLE] [org.gradle.launcher.daemon.server.DaemonStateCoordinator] Daemon will be stopped at the end of the build stop command received
2024-06-26T23:11:41.396+0800 [DEBUG] [org.gradle.launcher.daemon.server.DaemonStateCoordinator] Marking daemon stopped due to stop command received. The daemon is running a build: false
2024-06-26T23:11:41.397+0800 [DEBUG] [org.gradle.launcher.daemon.server.DaemonRegistryUpdater] Storing daemon stop event: stop command received
2024-06-26T23:11:41.397+0800 [DEBUG] [org.gradle.launcher.daemon.registry.PersistentDaemonRegistry] Storing daemon stop event with timestamp 1719414701397
2024-06-26T23:11:41.397+0800 [DEBUG] [org.gradle.launcher.daemon.server.DaemonStateCoordinator] daemon has stopped.
2024-06-26T23:11:41.397+0800 [DEBUG] [org.gradle.launcher.daemon.server.SynchronizedDispatchConnection] thread 415: dispatching Success[value=null]
2024-06-26T23:11:41.398+0800 [DEBUG] [org.gradle.launcher.daemon.server.Daemon] stop() called on daemon
2024-06-26T23:11:41.398+0800 [DEBUG] [org.gradle.launcher.daemon.server.DefaultIncomingConnectionHandler] Finishing executing command: StopWhenIdle[id=61d187cf-0366-4f5b-b760-18c430b70379]
2024-06-26T23:11:41.398+0800 [DEBUG] [org.gradle.launcher.daemon.server.SynchronizedDispatchConnection] thread 416: received class org.gradle.launcher.daemon.protocol.Finished
2024-06-26T23:11:41.399+0800 [DEBUG] [org.gradle.launcher.daemon.server.DefaultDaemonConnection] thread 416: Received non-IO message from client: org.gradle.launcher.daemon.protocol.Finished@1e8f19e8
2024-06-26T23:11:41.399+0800 [DEBUG] [org.gradle.launcher.daemon.server.DefaultIncomingConnectionHandler] Received finished message: org.gradle.launcher.daemon.protocol.Finished@1e8f19e8
2024-06-26T23:11:41.399+0800 [DEBUG] [org.gradle.cache.internal.DefaultFileLockManager] Waiting to acquire exclusive lock on daemon addresses registry.
2024-06-26T23:11:41.399+0800 [INFO] [org.gradle.launcher.daemon.server.Daemon] Stop requested. Daemon is removing its presence from the registry...
2024-06-26T23:11:41.399+0800 [DEBUG] [org.gradle.launcher.daemon.server.SynchronizedDispatchConnection] thread 415: stopping connection
2024-06-26T23:11:41.400+0800 [DEBUG] [org.gradle.internal.remote.internal.inet.SocketConnection] Discarding EOFException: java.io.EOFException
2024-06-26T23:11:41.400+0800 [DEBUG] [org.gradle.launcher.daemon.server.SynchronizedDispatchConnection] thread 416: received null
2024-06-26T23:11:41.400+0800 [DEBUG] [org.gradle.launcher.daemon.server.DefaultDaemonConnection] thread 416: Received end-of-input from client.
2024-06-26T23:11:41.400+0800 [DEBUG] [org.gradle.cache.internal.DefaultFileLockManager] Lock acquired on daemon addresses registry.
2024-06-26T23:11:41.401+0800 [DEBUG] [org.gradle.launcher.daemon.server.SynchronizedDispatchConnection] thread 415: stopping connection
2024-06-26T23:11:41.401+0800 [DEBUG] [org.gradle.launcher.daemon.server.DaemonRegistryUpdater] Removing our presence to clients, eg. removing this address from the registry: [d1b2c7f3-2223-464e-9ef4-f1e02e1603d5 port:60145, addresses:[localhost/127.0.0.1]]
2024-06-26T23:11:41.402+0800 [DEBUG] [org.gradle.cache.internal.DefaultFileLockManager] Releasing lock on daemon addresses registry.
2024-06-26T23:11:41.404+0800 [DEBUG] [org.gradle.launcher.daemon.server.SynchronizedDispatchConnection] thread 413: dispatching Success[value=null]
2024-06-26T23:11:41.404+0800 [DEBUG] [org.gradle.launcher.daemon.server.DefaultIncomingConnectionHandler] Finishing executing command: StopWhenIdle[id=27ad8251-d63e-4c42-8c5a-f0fee748c82c]
2024-06-26T23:11:41.405+0800 [DEBUG] [org.gradle.launcher.daemon.server.SynchronizedDispatchConnection] thread 414: received class org.gradle.launcher.daemon.protocol.Finished
2024-06-26T23:11:41.405+0800 [DEBUG] [org.gradle.launcher.daemon.registry.PersistentDaemonRegistry] Removing daemon address: [d1b2c7f3-2223-464e-9ef4-f1e02e1603d5 port:60145, addresses:[localhost/127.0.0.1]]
2024-06-26T23:11:41.406+0800 [DEBUG] [org.gradle.launcher.daemon.server.DefaultDaemonConnection] thread 414: Received non-IO message from client: org.gradle.launcher.daemon.protocol.Finished@30abdd67
2024-06-26T23:11:41.406+0800 [DEBUG] [org.gradle.launcher.daemon.server.DefaultIncomingConnectionHandler] Received finished message: org.gradle.launcher.daemon.protocol.Finished@30abdd67
2024-06-26T23:11:41.406+0800 [DEBUG] [org.gradle.internal.remote.internal.inet.SocketConnection] Discarding EOFException: java.io.EOFException
2024-06-26T23:11:41.406+0800 [DEBUG] [org.gradle.launcher.daemon.server.SynchronizedDispatchConnection] thread 414: received null
2024-06-26T23:11:41.406+0800 [DEBUG] [org.gradle.launcher.daemon.server.SynchronizedDispatchConnection] thread 413: stopping connection
2024-06-26T23:11:41.406+0800 [DEBUG] [org.gradle.launcher.daemon.server.DefaultDaemonConnection] thread 414: Received end-of-input from client.
2024-06-26T23:11:41.407+0800 [DEBUG] [org.gradle.launcher.daemon.server.SynchronizedDispatchConnection] thread 413: stopping connection
2024-06-26T23:11:41.414+0800 [DEBUG] [org.gradle.cache.internal.DefaultFileLockManager] Waiting to acquire exclusive lock on daemon addresses registry.
2024-06-26T23:11:41.416+0800 [DEBUG] [org.gradle.cache.internal.DefaultFileLockManager] Lock acquired on daemon addresses registry.
2024-06-26T23:11:41.420+0800 [DEBUG] [org.gradle.cache.internal.DefaultFileLockManager] Releasing lock on daemon addresses registry.
2024-06-26T23:11:41.421+0800 [DEBUG] [org.gradle.launcher.daemon.server.DaemonRegistryUpdater] Address removed from registry.
2024-06-26T23:11:41.601+0800 [DEBUG] [org.gradle.cache.internal.LockOnDemandCrossProcessCacheAccess] Releasing file lock for jars (C:\Users\Asus\AndroidStudioProjects\Futbolix\caches\jars-9)
2024-06-26T23:11:41.602+0800 [DEBUG] [org.gradle.cache.internal.DefaultFileLockManager] Releasing lock on jars (C:\Users\Asus\AndroidStudioProjects\Futbolix\caches\jars-9).
2024-06-26T23:11:41.617+0800 [DEBUG] [org.gradle.cache.internal.LockOnDemandCrossProcessCacheAccess] Releasing file lock for file content cache (C:\Users\Asus\AndroidStudioProjects\Futbolix\caches\8.6\fileContent)
2024-06-26T23:11:41.618+0800 [DEBUG] [org.gradle.cache.internal.DefaultFileLockManager] Releasing lock on file content cache (C:\Users\Asus\AndroidStudioProjects\Futbolix\caches\8.6\fileContent).
2024-06-26T23:11:41.621+0800 [DEBUG] [org.gradle.internal.watch.vfs.impl.WatchingVirtualFileSystem] Closing VFS, dropping state
2024-06-26T23:11:41.648+0800 [DEBUG] [org.gradle.cache.internal.LockOnDemandCrossProcessCacheAccess] Releasing file lock for Generated Gradle JARs cache (C:\Users\Asus\AndroidStudioProjects\Futbolix\caches\8.6\generated-gradle-jars)
2024-06-26T23:11:41.649+0800 [DEBUG] [org.gradle.cache.internal.DefaultFileLockManager] Releasing lock on Generated Gradle JARs cache (C:\Users\Asus\AndroidStudioProjects\Futbolix\caches\8.6\generated-gradle-jars).
2024-06-26T23:11:41.650+0800 [DEBUG] [org.gradle.internal.watch.registry.impl.DefaultFileWatcherRegistry] Finished listening to file system change events
2024-06-26T23:11:41.654+0800 [DEBUG] [org.gradle.cache.internal.DefaultCacheCoordinator] Cache Artifact transforms cache (C:\Users\Asus\AndroidStudioProjects\Futbolix\caches\transforms-4) was closed 0 times.
2024-06-26T23:11:41.656+0800 [DEBUG] [org.gradle.cache.internal.LockOnDemandCrossProcessCacheAccess] Releasing file lock for artifact cache (C:\Users\Asus\AndroidStudioProjects\Futbolix\caches\modules-2)
2024-06-26T23:11:41.658+0800 [DEBUG] [org.gradle.cache.internal.btree.BTreePersistentIndexedCache] Closing cache resource-at-url.bin (C:\Users\Asus\AndroidStudioProjects\Futbolix\caches\modules-2\metadata-2.106\resource-at-url.bin)
2024-06-26T23:11:41.663+0800 [DEBUG] [org.gradle.cache.internal.btree.BTreePersistentIndexedCache] Closing cache module-artifact.bin (C:\Users\Asus\AndroidStudioProjects\Futbolix\caches\modules-2\metadata-2.106\module-artifact.bin)
2024-06-26T23:11:41.667+0800 [DEBUG] [org.gradle.cache.internal.btree.BTreePersistentIndexedCache] Closing cache module-metadata.bin (C:\Users\Asus\AndroidStudioProjects\Futbolix\caches\modules-2\metadata-2.106\module-metadata.bin)
2024-06-26T23:11:41.671+0800 [DEBUG] [org.gradle.cache.internal.btree.BTreePersistentIndexedCache] Closing cache module-artifacts.bin (C:\Users\Asus\AndroidStudioProjects\Futbolix\caches\modules-2\metadata-2.106\module-artifacts.bin)
2024-06-26T23:11:41.675+0800 [DEBUG] [org.gradle.cache.internal.DefaultFileLockManager] Releasing lock on artifact cache (C:\Users\Asus\AndroidStudioProjects\Futbolix\caches\modules-2).
2024-06-26T23:11:41.683+0800 [DEBUG] [org.gradle.cache.internal.DefaultCacheCoordinator] Cache kotlin-dsl (C:\Users\Asus\AndroidStudioProjects\Futbolix\caches\8.6\kotlin-dsl) was closed 0 times.
2024-06-26T23:11:41.684+0800 [DEBUG] [org.gradle.cache.internal.LockOnDemandCrossProcessCacheAccess] Releasing file lock for journal cache (C:\Users\Asus\AndroidStudioProjects\Futbolix\caches\journal-1)
2024-06-26T23:11:41.685+0800 [DEBUG] [org.gradle.cache.internal.btree.BTreePersistentIndexedCache] Closing cache file-access.bin (C:\Users\Asus\AndroidStudioProjects\Futbolix\caches\journal-1\file-access.bin)
2024-06-26T23:11:41.697+0800 [DEBUG] [org.gradle.cache.internal.DefaultFileLockManager] Releasing lock on journal cache (C:\Users\Asus\AndroidStudioProjects\Futbolix\caches\journal-1).
2024-06-26T23:11:41.700+0800 [DEBUG] [org.gradle.cache.internal.LockOnDemandCrossProcessCacheAccess] Releasing file lock for file hash cache (C:\Users\Asus\AndroidStudioProjects\Futbolix\caches\8.6\fileHashes)
2024-06-26T23:11:41.701+0800 [DEBUG] [org.gradle.cache.internal.btree.BTreePersistentIndexedCache] Closing cache fileHashes.bin (C:\Users\Asus\AndroidStudioProjects\Futbolix\caches\8.6\fileHashes\fileHashes.bin)
2024-06-26T23:11:41.727+0800 [DEBUG] [org.gradle.cache.internal.btree.BTreePersistentIndexedCache] Closing cache resourceHashesCache.bin (C:\Users\Asus\AndroidStudioProjects\Futbolix\caches\8.6\fileHashes\resourceHashesCache.bin)
2024-06-26T23:11:41.733+0800 [DEBUG] [org.gradle.cache.internal.DefaultFileLockManager] Releasing lock on file hash cache (C:\Users\Asus\AndroidStudioProjects\Futbolix\caches\8.6\fileHashes).
2024-06-26T23:11:41.738+0800 [DEBUG] [org.gradle.cache.internal.LockOnDemandCrossProcessCacheAccess] Releasing file lock for Java compile cache (C:\Users\Asus\AndroidStudioProjects\Futbolix\caches\8.6\javaCompile)
2024-06-26T23:11:41.739+0800 [DEBUG] [org.gradle.cache.internal.btree.BTreePersistentIndexedCache] Closing cache jarAnalysis.bin (C:\Users\Asus\AndroidStudioProjects\Futbolix\caches\8.6\javaCompile\jarAnalysis.bin)
2024-06-26T23:11:41.742+0800 [DEBUG] [org.gradle.cache.internal.btree.BTreePersistentIndexedCache] Closing cache classAnalysis.bin (C:\Users\Asus\AndroidStudioProjects\Futbolix\caches\8.6\javaCompile\classAnalysis.bin)
2024-06-26T23:11:41.755+0800 [DEBUG] [org.gradle.cache.internal.DefaultFileLockManager] Releasing lock on Java compile cache (C:\Users\Asus\AndroidStudioProjects\Futbolix\caches\8.6\javaCompile).
2024-06-26T23:11:41.779+0800 [DEBUG] [org.gradle.cache.internal.VersionSpecificCacheCleanupAction] Processed version-specific caches at C:\Users\Asus\AndroidStudioProjects\Futbolix\caches for cleanup in 0.012 secs
2024-06-26T23:11:41.856+0800 [DEBUG] [org.gradle.launcher.daemon.registry.PersistentDaemonRegistry] Removing daemon address: [d1b2c7f3-2223-464e-9ef4-f1e02e1603d5 port:60145, addresses:[localhost/127.0.0.1]]
Daemon vm is shutting down... The daemon has exited normally or was terminated in response to a user interrupt.
2024-06-26T23:11:41.865+0800 [DEBUG] [org.gradle.cache.internal.DefaultFileLockManager] Waiting to acquire exclusive lock on daemon addresses registry.
2024-06-26T23:11:41.866+0800 [DEBUG] [org.gradle.cache.internal.DefaultFileLockManager] Lock acquired on daemon addresses registry.
2024-06-26T23:11:41.870+0800 [DEBUG] [org.gradle.cache.internal.DefaultFileLockManager] Releasing lock on daemon addresses registry.
